2025-09-30 04:43:54.170 [info] Started local extension host with pid 45042.
2025-09-30 04:43:55.143 [info] Settings Sync: Account status changed from uninitialized to unavailable
2025-09-30 04:43:56.870 [info] [perf] Render performance baseline is 10ms
2025-09-30 04:43:57.081 [info] Auto updating outdated extensions. ms-python.vscode-pylance, ms-python.vscode-python-envs
2025-09-30 04:44:03.222 [info] Started local extension host with pid 45579.
2025-09-30 04:44:03.698 [error] [UriError]: Scheme contains illegal characters.: Error: [UriError]: Scheme contains illegal characters.
    at z6 (file:///opt/visual-studio-code/resources/app/out/main.js:30:64298)
    at new od (file:///opt/visual-studio-code/resources/app/out/main.js:30:67678)
    at new zr (file:///opt/visual-studio-code/resources/app/out/main.js:30:69116)
    at od.revive (file:///opt/visual-studio-code/resources/app/out/main.js:30:68893)
    at o5.call (file:///opt/visual-studio-code/resources/app/out/main.js:88:105741)
    at Lf.s (file:///opt/visual-studio-code/resources/app/out/main.js:31:14859)
    at Lf.q (file:///opt/visual-studio-code/resources/app/out/main.js:31:14382)
    at Xo.value (file:///opt/visual-studio-code/resources/app/out/main.js:31:13784)
    at P.C (file:///opt/visual-studio-code/resources/app/out/main.js:30:2373)
    at P.D (file:///opt/visual-studio-code/resources/app/out/main.js:30:2443)
    at P.fire (file:///opt/visual-studio-code/resources/app/out/main.js:30:2660)
    at Xo.value (file:///opt/visual-studio-code/resources/app/out/main.js:28:4922)
    at P.C (file:///opt/visual-studio-code/resources/app/out/main.js:30:2373)
    at P.fire (file:///opt/visual-studio-code/resources/app/out/main.js:30:2591)
    at Xo.value (file:///opt/visual-studio-code/resources/app/out/main.js:28:5110)
    at P.C (file:///opt/visual-studio-code/resources/app/out/main.js:30:2373)
    at P.fire (file:///opt/visual-studio-code/resources/app/out/main.js:30:2591)
    at N (file:///opt/visual-studio-code/resources/app/out/main.js:28:7404)
    at IpcMainImpl.i (file:///opt/visual-studio-code/resources/app/out/main.js:36:10776)
    at IpcMainImpl.emit (node:events:518:28)
    at Session.<anonymous> (node:electron/js2c/browser_init:2:106370)
    at Session.emit (node:events:518:28)
2025-09-30 04:49:06.992 [error] An unknown error occurred. Please consult the log for more details.
2025-09-30 04:54:08.750 [error] An unknown error occurred. Please consult the log for more details.
2025-09-30 04:59:10.558 [error] An unknown error occurred. Please consult the log for more details.
2025-09-30 05:04:12.355 [error] An unknown error occurred. Please consult the log for more details.
2025-09-30 05:09:14.163 [error] An unknown error occurred. Please consult the log for more details.
2025-09-30 05:14:15.980 [error] An unknown error occurred. Please consult the log for more details.
2025-09-30 05:19:17.781 [error] An unknown error occurred. Please consult the log for more details.
2025-09-30 05:24:19.594 [error] An unknown error occurred. Please consult the log for more details.
2025-09-30 05:29:21.411 [error] An unknown error occurred. Please consult the log for more details.
2025-09-30 05:34:23.257 [error] An unknown error occurred. Please consult the log for more details.
