2025-09-07 09:09:53.309 [warning] Dir "/home/axel/Documents/py/.pixi/envs" is not watchable (directory does not exist)
2025-09-07 09:09:53.309 [error] Unable to check if shell integration is active [Error: Extension 'ms-python.python' CANNOT use API proposal: terminalDataWriteEvent.
Its package.json#enabledApiProposals-property declares:  but NOT terminalDataWriteEvent.
 The missing proposal MUST be added and you must start in extension development mode or use the following command line switch: --enable-proposed-api ms-python.python
	at T (file:///usr/lib/code/out/vs/workbench/api/node/extensionHostProcess.js:105:32989)
	at a.onDidWriteTerminalData (file:///usr/lib/code/out/vs/workbench/api/node/extensionHostProcess.js:196:111247)
	at new m (/home/axel/.vscode-oss/extensions/ms-python.python-2025.12.0-universal/out/client/extension.js:2:912455)
	at ge (/home/axel/.vscode-oss/extensions/ms-python.python-2025.12.0-universal/out/client/extension.js:2:1732215)
	at /home/axel/.vscode-oss/extensions/ms-python.python-2025.12.0-universal/out/client/extension.js:2:1735579
	at /home/axel/.vscode-oss/extensions/ms-python.python-2025.12.0-universal/out/client/extension.js:2:1735607
	at Se (/home/axel/.vscode-oss/extensions/ms-python.python-2025.12.0-universal/out/client/extension.js:2:1735674)
	at /home/axel/.vscode-oss/extensions/ms-python.python-2025.12.0-universal/out/client/extension.js:2:1736154
	at we (/home/axel/.vscode-oss/extensions/ms-python.python-2025.12.0-universal/out/client/extension.js:2:1736095)
	at Pe (/home/axel/.vscode-oss/extensions/ms-python.python-2025.12.0-universal/out/client/extension.js:2:1736129)
	at /home/axel/.vscode-oss/extensions/ms-python.python-2025.12.0-universal/out/client/extension.js:2:1733368
	at /home/axel/.vscode-oss/extensions/ms-python.python-2025.12.0-universal/out/client/extension.js:2:1734973
	at Array.reduce (<anonymous>)
	at /home/axel/.vscode-oss/extensions/ms-python.python-2025.12.0-universal/out/client/extension.js:2:1734945
	at /home/axel/.vscode-oss/extensions/ms-python.python-2025.12.0-universal/out/client/extension.js:2:1735227
	at /home/axel/.vscode-oss/extensions/ms-python.python-2025.12.0-universal/out/client/extension.js:2:1735607
	at Se (/home/axel/.vscode-oss/extensions/ms-python.python-2025.12.0-universal/out/client/extension.js:2:1735674)
	at /home/axel/.vscode-oss/extensions/ms-python.python-2025.12.0-universal/out/client/extension.js:2:1736154
	at we (/home/axel/.vscode-oss/extensions/ms-python.python-2025.12.0-universal/out/client/extension.js:2:1736095)
	at Pe (/home/axel/.vscode-oss/extensions/ms-python.python-2025.12.0-universal/out/client/extension.js:2:1736129)
	at /home/axel/.vscode-oss/extensions/ms-python.python-2025.12.0-universal/out/client/extension.js:2:1733368
	at /home/axel/.vscode-oss/extensions/ms-python.python-2025.12.0-universal/out/client/extension.js:2:1763038
	at /home/axel/.vscode-oss/extensions/ms-python.python-2025.12.0-universal/out/client/extension.js:2:1763059
	at e._get (/home/axel/.vscode-oss/extensions/ms-python.python-2025.12.0-universal/out/client/extension.js:2:1762072)
	at e._getButThrowIfAsync (/home/axel/.vscode-oss/extensions/ms-python.python-2025.12.0-universal/out/client/extension.js:2:1762132)
	at e.get (/home/axel/.vscode-oss/extensions/ms-python.python-2025.12.0-universal/out/client/extension.js:2:1757841)
	at e.dynamicValue (/home/axel/.vscode-oss/extensions/ms-python.python-2025.12.0-universal/out/client/extension.js:2:1747574)
	at /home/axel/.vscode-oss/extensions/ms-python.python-2025.12.0-universal/out/client/extension.js:2:1733751
	at Ee (/home/axel/.vscode-oss/extensions/ms-python.python-2025.12.0-universal/out/client/extension.js:2:1734007)
	at Se (/home/axel/.vscode-oss/extensions/ms-python.python-2025.12.0-universal/out/client/extension.js:2:1735723)
	at /home/axel/.vscode-oss/extensions/ms-python.python-2025.12.0-universal/out/client/extension.js:2:1736154
	at we (/home/axel/.vscode-oss/extensions/ms-python.python-2025.12.0-universal/out/client/extension.js:2:1736095)
	at Pe (/home/axel/.vscode-oss/extensions/ms-python.python-2025.12.0-universal/out/client/extension.js:2:1736129)
	at /home/axel/.vscode-oss/extensions/ms-python.python-2025.12.0-universal/out/client/extension.js:2:1733368
	at /home/axel/.vscode-oss/extensions/ms-python.python-2025.12.0-universal/out/client/extension.js:2:1733302
	at Array.map (<anonymous>)
	at /home/axel/.vscode-oss/extensions/ms-python.python-2025.12.0-universal/out/client/extension.js:2:1733273
	at /home/axel/.vscode-oss/extensions/ms-python.python-2025.12.0-universal/out/client/extension.js:2:1734973
	at Array.reduce (<anonymous>)
	at /home/axel/.vscode-oss/extensions/ms-python.python-2025.12.0-universal/out/client/extension.js:2:1734945
	at /home/axel/.vscode-oss/extensions/ms-python.python-2025.12.0-universal/out/client/extension.js:2:1735227
	at /home/axel/.vscode-oss/extensions/ms-python.python-2025.12.0-universal/out/client/extension.js:2:1735607
	at Se (/home/axel/.vscode-oss/extensions/ms-python.python-2025.12.0-universal/out/client/extension.js:2:1735674)
	at /home/axel/.vscode-oss/extensions/ms-python.python-2025.12.0-universal/out/client/extension.js:2:1736154
	at we (/home/axel/.vscode-oss/extensions/ms-python.python-2025.12.0-universal/out/client/extension.js:2:1736095)
	at Pe (/home/axel/.vscode-oss/extensions/ms-python.python-2025.12.0-universal/out/client/extension.js:2:1736129)
	at /home/axel/.vscode-oss/extensions/ms-python.python-2025.12.0-universal/out/client/extension.js:2:1733368
	at /home/axel/.vscode-oss/extensions/ms-python.python-2025.12.0-universal/out/client/extension.js:2:1763038
	at /home/axel/.vscode-oss/extensions/ms-python.python-2025.12.0-universal/out/client/extension.js:2:1763059
	at e._get (/home/axel/.vscode-oss/extensions/ms-python.python-2025.12.0-universal/out/client/extension.js:2:1762072)
	at e._getButThrowIfAsync (/home/axel/.vscode-oss/extensions/ms-python.python-2025.12.0-universal/out/client/extension.js:2:1762132)
	at e.get (/home/axel/.vscode-oss/extensions/ms-python.python-2025.12.0-universal/out/client/extension.js:2:1757841)
	at a.get (/home/axel/.vscode-oss/extensions/ms-python.python-2025.12.0-universal/out/client/extension.js:2:567790)
	at /home/axel/.vscode-oss/extensions/ms-python.python-2025.12.0-universal/out/client/extension.js:2:477525
	at async t.activateComponents (/home/axel/.vscode-oss/extensions/ms-python.python-2025.12.0-universal/out/client/extension.js:2:475805)
	at async /home/axel/.vscode-oss/extensions/ms-python.python-2025.12.0-universal/out/client/extension.js:2:2696537
	at async e (/home/axel/.vscode-oss/extensions/ms-python.python-2025.12.0-universal/out/client/extension.js:2:2696069)
	at async Lb.n (file:///usr/lib/code/out/vs/workbench/api/node/extensionHostProcess.js:112:13382)
	at async Lb.m (file:///usr/lib/code/out/vs/workbench/api/node/extensionHostProcess.js:112:13345)
	at async Lb.l (file:///usr/lib/code/out/vs/workbench/api/node/extensionHostProcess.js:112:12801)]
2025-09-07 09:09:53.309 [info] Starting Environment refresh
2025-09-07 09:09:53.309 [info] Searching for interpreters in posix paths locator
2025-09-07 09:09:53.309 [info] Searching for pyenv environments
2025-09-07 09:09:53.309 [info] Searching for conda environments
2025-09-07 09:09:53.309 [info] Searching for global virtual environments
2025-09-07 09:09:53.309 [info] Searching for custom virtual environments
2025-09-07 09:09:53.309 [info] pyenv is not installed
2025-09-07 09:09:53.309 [info] Finished searching for pyenv environments: 9 milliseconds
2025-09-07 09:09:53.309 [info] Finished searching for custom virtual envs: 8 milliseconds
2025-09-07 09:09:53.309 [info] > conda info --json
2025-09-07 09:09:53.309 [info] > hatch env show --json
2025-09-07 09:09:53.309 [info] cwd: .
2025-09-07 09:09:53.309 [info] > pyenv which python
2025-09-07 09:09:53.309 [info] cwd: .
2025-09-07 09:09:53.309 [info] Finished searching for global virtual envs: 43 milliseconds
2025-09-07 09:09:53.310 [info] Found: /bin/python --> /bin/python3.13
2025-09-07 09:09:53.310 [info] Found: /bin/python3 --> /bin/python3.13
2025-09-07 09:09:53.311 [info] Found: /bin/python3.13 --> /bin/python3.13
2025-09-07 09:09:53.321 [info] Found: /sbin/python --> /sbin/python3.13
2025-09-07 09:09:53.321 [info] Found: /sbin/python3 --> /sbin/python3.13
2025-09-07 09:09:53.321 [info] Found: /sbin/python3.13 --> /sbin/python3.13
2025-09-07 09:09:53.323 [info] Found: /usr/bin/python --> /usr/bin/python3.13
2025-09-07 09:09:53.323 [info] Found: /usr/bin/python3 --> /usr/bin/python3.13
2025-09-07 09:09:53.323 [info] Found: /usr/bin/python3.13 --> /usr/bin/python3.13
2025-09-07 09:09:53.340 [info] Found: /usr/sbin/python --> /usr/sbin/python3.13
2025-09-07 09:09:53.340 [info] Found: /usr/sbin/python3 --> /usr/sbin/python3.13
2025-09-07 09:09:53.340 [info] Found: /usr/sbin/python3.13 --> /usr/sbin/python3.13
2025-09-07 09:09:53.350 [info] > /bin/python -I ~/.vscode-oss/extensions/ms-python.python-2025.12.0-universal/python_files/get_output_via_markers.py ~/.vscode-oss/extensions/ms-python.python-2025.12.0-universal/python_files/interpreterInfo.py
2025-09-07 09:09:53.354 [info] > /sbin/python -I ~/.vscode-oss/extensions/ms-python.python-2025.12.0-universal/python_files/get_output_via_markers.py ~/.vscode-oss/extensions/ms-python.python-2025.12.0-universal/python_files/interpreterInfo.py
2025-09-07 09:09:53.356 [info] Finished searching for interpreters in posix paths locator: 99 milliseconds
2025-09-07 09:09:53.358 [info] Environments refresh paths discovered (event): 101 milliseconds
2025-09-07 09:09:53.358 [info] Environments refresh paths discovered: 101 milliseconds
2025-09-07 09:09:53.370 [info] > /usr/bin/python -I ~/.vscode-oss/extensions/ms-python.python-2025.12.0-universal/python_files/get_output_via_markers.py ~/.vscode-oss/extensions/ms-python.python-2025.12.0-universal/python_files/interpreterInfo.py
2025-09-07 09:09:53.373 [info] > /usr/sbin/python -I ~/.vscode-oss/extensions/ms-python.python-2025.12.0-universal/python_files/get_output_via_markers.py ~/.vscode-oss/extensions/ms-python.python-2025.12.0-universal/python_files/interpreterInfo.py
2025-09-07 09:09:53.393 [info] Environments refresh finished (event): 136 milliseconds
2025-09-07 09:09:53.396 [info] Environment refresh took 140 milliseconds
2025-09-07 09:09:53.399 [error] [
  'Failed to activate a workspace, Class name = v, completed in 143ms, has a falsy return value, Arg 1: <Uri:/home/axel/Documents/py>, Arg 2: {"started":1757228993235}, Return Value: undefined',
  [Error: Extension 'ms-python.python' CANNOT use API proposal: testObserver.
  Its package.json#enabledApiProposals-property declares:  but NOT testObserver.
   The missing proposal MUST be added and you must start in extension development mode or use the following command line switch: --enable-proposed-api ms-python.python
  	at T (file:///usr/lib/code/out/vs/workbench/api/node/extensionHostProcess.js:105:32989)
  	at get testResults (file:///usr/lib/code/out/vs/workbench/api/node/extensionHostProcess.js:196:104537)
  	at x.activate (/home/axel/.vscode-oss/extensions/ms-python.python-2025.12.0-universal/out/client/extension.js:2:944524)
  	at /home/axel/.vscode-oss/extensions/ms-python.python-2025.12.0-universal/out/client/extension.js:2:2457
  	at Array.map (<anonymous>)
  	at v.activateWorkspace (/home/axel/.vscode-oss/extensions/ms-python.python-2025.12.0-universal/out/client/extension.js:2:2447)]
]
2025-09-07 09:09:53.399 [error] Failure during activation. [Error: Extension 'ms-python.python' CANNOT use API proposal: testObserver.
Its package.json#enabledApiProposals-property declares:  but NOT testObserver.
 The missing proposal MUST be added and you must start in extension development mode or use the following command line switch: --enable-proposed-api ms-python.python
	at T (file:///usr/lib/code/out/vs/workbench/api/node/extensionHostProcess.js:105:32989)
	at get testResults (file:///usr/lib/code/out/vs/workbench/api/node/extensionHostProcess.js:196:104537)
	at x.activate (/home/axel/.vscode-oss/extensions/ms-python.python-2025.12.0-universal/out/client/extension.js:2:944524)
	at /home/axel/.vscode-oss/extensions/ms-python.python-2025.12.0-universal/out/client/extension.js:2:2457
	at Array.map (<anonymous>)
	at v.activateWorkspace (/home/axel/.vscode-oss/extensions/ms-python.python-2025.12.0-universal/out/client/extension.js:2:2447)]
2025-09-07 09:09:53.399 [error] sendStartupTelemetry() failed. [Error: Extension 'ms-python.python' CANNOT use API proposal: testObserver.
Its package.json#enabledApiProposals-property declares:  but NOT testObserver.
 The missing proposal MUST be added and you must start in extension development mode or use the following command line switch: --enable-proposed-api ms-python.python
	at T (file:///usr/lib/code/out/vs/workbench/api/node/extensionHostProcess.js:105:32989)
	at get testResults (file:///usr/lib/code/out/vs/workbench/api/node/extensionHostProcess.js:196:104537)
	at x.activate (/home/axel/.vscode-oss/extensions/ms-python.python-2025.12.0-universal/out/client/extension.js:2:944524)
	at /home/axel/.vscode-oss/extensions/ms-python.python-2025.12.0-universal/out/client/extension.js:2:2457
	at Array.map (<anonymous>)
	at v.activateWorkspace (/home/axel/.vscode-oss/extensions/ms-python.python-2025.12.0-universal/out/client/extension.js:2:2447)]
2025-09-07 09:09:53.399 [info] Python interpreter path: /bin/python
2025-09-07 09:09:53.845 [info] Starting Jedi language server for py.
2025-09-07 09:11:59.451 [info] CreateEnv Trigger - Skipping for /home/axel/Documents/py/test.py
2025-09-07 09:11:59.701 [info] Discover tests for workspace name: py - uri: /home/axel/Documents/py/test.py
2025-09-07 09:11:59.850 [info] Send text to terminal: /bin/python /home/axel/Documents/py/test.py
2025-09-07 09:12:15.034 [info] Send text to terminal: /bin/python /home/axel/Documents/py/test.py
2025-09-07 09:12:15.283 [info] Discover tests for workspace name: py - uri: /home/axel/Documents/py/test.py
2025-09-07 09:13:04.562 [info] Send text to terminal: /bin/python /home/axel/Documents/py/test.py
2025-09-07 09:13:04.813 [info] Discover tests for workspace name: py - uri: /home/axel/Documents/py/test.py
2025-09-07 09:13:11.456 [info] Send text to terminal: /bin/python /home/axel/Documents/py/test.py
2025-09-07 09:13:11.706 [info] Discover tests for workspace name: py - uri: /home/axel/Documents/py/test.py
2025-09-07 09:14:44.283 [info] Send text to terminal: /bin/python /home/axel/Documents/py/test.py
2025-09-07 09:14:44.532 [info] Discover tests for workspace name: py - uri: /home/axel/Documents/py/test.py
2025-09-07 09:15:34.281 [info] Send text to terminal: /bin/python /home/axel/Documents/py/test.py
2025-09-07 09:15:34.531 [info] Discover tests for workspace name: py - uri: /home/axel/Documents/py/test.py
2025-09-07 09:16:01.619 [info] Send text to terminal: /bin/python /home/axel/Documents/py/test.py
2025-09-07 09:16:01.869 [info] Discover tests for workspace name: py - uri: /home/axel/Documents/py/test.py
2025-09-07 09:16:06.315 [info] Send text to terminal: /bin/python /home/axel/Documents/py/test.py
2025-09-07 09:16:07.680 [info] Send text to terminal: /bin/python /home/axel/Documents/py/test.py
2025-09-07 09:16:11.221 [info] Send text to terminal: /bin/python /home/axel/Documents/py/test.py
2025-09-07 09:16:15.523 [info] Send text to terminal: /bin/python /home/axel/Documents/py/test.py
2025-09-07 09:16:27.740 [info] Send text to terminal: /bin/python /home/axel/Documents/py/test.py
2025-09-07 09:16:27.989 [info] Discover tests for workspace name: py - uri: /home/axel/Documents/py/test.py
2025-09-07 09:16:32.361 [info] Send text to terminal: /bin/python /home/axel/Documents/py/test.py
2025-09-07 09:17:29.674 [info] Send text to terminal: /bin/python /home/axel/Documents/py/test.py
2025-09-07 09:19:39.989 [info] Send text to terminal: /bin/python /home/axel/Documents/py/test.py
2025-09-07 09:19:40.239 [info] Discover tests for workspace name: py - uri: /home/axel/Documents/py/test.py
2025-09-07 09:20:31.575 [info] Send text to terminal: /bin/python /home/axel/Documents/py/test.py
2025-09-07 09:20:31.826 [info] Discover tests for workspace name: py - uri: /home/axel/Documents/py/test.py
2025-09-07 09:20:36.400 [info] Send text to terminal: /bin/python /home/axel/Documents/py/test.py
2025-09-07 09:20:36.650 [info] Discover tests for workspace name: py - uri: /home/axel/Documents/py/test.py
2025-09-07 09:21:18.122 [info] Send text to terminal: /bin/python /home/axel/Documents/py/test.py
2025-09-07 09:21:18.371 [info] Discover tests for workspace name: py - uri: /home/axel/Documents/py/test.py
2025-09-07 09:21:57.181 [info] Send text to terminal: /bin/python /home/axel/Documents/py/test.py
2025-09-07 09:21:57.431 [info] Discover tests for workspace name: py - uri: /home/axel/Documents/py/test.py
