2025-09-07 09:10:00.664 [info] semantic_tokens_range file:///home/axel/Documents/py/test.py 0:0-0:0
2025-09-07 09:10:00.668 [info] semantic_tokens_full file:///home/axel/Documents/py/test.py 
2025-09-07 09:10:04.818 [info] semantic_tokens_full file:///home/axel/Documents/py/test.py 
2025-09-07 09:10:05.202 [info] semantic_tokens_full file:///home/axel/Documents/py/test.py 
2025-09-07 09:10:06.330 [info] semantic_tokens_full file:///home/axel/Documents/py/test.py 
2025-09-07 09:10:15.308 [info] semantic_tokens_full file:///home/axel/Documents/py/test.py 
2025-09-07 09:10:15.316 [info] [Debug - 9:10:15 AM] no definitions found for name "sa" of type 'statement' (2:0)
2025-09-07 09:10:15.634 [info] semantic_tokens_full file:///home/axel/Documents/py/test.py 
2025-09-07 09:10:15.635 [info] [Debug - 9:10:15 AM] no definitions found for name "sad" of type 'statement' (2:0)
2025-09-07 09:10:15.937 [info] semantic_tokens_full file:///home/axel/Documents/py/test.py 
2025-09-07 09:10:15.938 [info] [Debug - 9:10:15 AM] no definitions found for name "sadasd" of type 'statement' (2:0)
2025-09-07 09:10:16.915 [info] semantic_tokens_full file:///home/axel/Documents/py/test.py 
2025-09-07 09:10:16.916 [info] [Debug - 9:10:16 AM] no definitions found for name "sadasd" of type 'statement' (2:0)
2025-09-07 09:10:17.297 [info] semantic_tokens_full file:///home/axel/Documents/py/test.py 
2025-09-07 09:10:19.059 [info] semantic_tokens_full file:///home/axel/Documents/py/test.py 
2025-09-07 09:10:19.060 [info] [Debug - 9:10:19 AM] no definitions found for name "sadasd" of type 'statement' (2:0)
2025-09-07 09:10:19.466 [info] semantic_tokens_full file:///home/axel/Documents/py/test.py 
2025-09-07 09:10:19.774 [info] semantic_tokens_full file:///home/axel/Documents/py/test.py 
2025-09-07 09:10:20.080 [info] semantic_tokens_full file:///home/axel/Documents/py/test.py 
2025-09-07 09:10:20.721 [info] semantic_tokens_full file:///home/axel/Documents/py/test.py 
2025-09-07 09:10:21.484 [info] semantic_tokens_full file:///home/axel/Documents/py/test.py 
2025-09-07 09:10:22.464 [info] semantic_tokens_full file:///home/axel/Documents/py/test.py 
2025-09-07 09:10:22.841 [info] semantic_tokens_full file:///home/axel/Documents/py/test.py 
2025-09-07 09:10:23.415 [info] semantic_tokens_full file:///home/axel/Documents/py/test.py 
2025-09-07 09:10:23.419 [info] [Debug - 9:10:23 AM] no definitions found for name "de" of type 'statement' (2:0)
2025-09-07 09:10:23.805 [info] semantic_tokens_full file:///home/axel/Documents/py/test.py 
2025-09-07 09:10:24.877 [info] WARNING:pygls.protocol.json_rpc:Cancel notification for unknown message id "65"

2025-09-07 09:10:24.878 [info] semantic_tokens_full file:///home/axel/Documents/py/test.py 
2025-09-07 09:10:24.878 [info] WARNING:pygls.protocol.json_rpc:Cancel notification for unknown message id "66"

2025-09-07 09:10:24.880 [info] [Debug - 9:10:24 AM] no definitions found for name "ma" of type 'statement' (2:4)
2025-09-07 09:10:25.176 [info] semantic_tokens_full file:///home/axel/Documents/py/test.py 
2025-09-07 09:10:25.176 [info] [Debug - 9:10:25 AM] no definitions found for name "main" of type 'statement' (2:4)
2025-09-07 09:10:33.250 [info] semantic_tokens_full file:///home/axel/Documents/py/test.py 
2025-09-07 09:10:33.252 [info] [Debug - 9:10:33 AM] no definitions found for name "main" of type 'statement' (2:4)
2025-09-07 09:10:34.344 [info] semantic_tokens_full file:///home/axel/Documents/py/test.py 
2025-09-07 09:10:34.345 [info] [Debug - 9:10:34 AM] no definitions found for name "main" of type 'statement' (2:4)
2025-09-07 09:10:35.057 [info] semantic_tokens_full file:///home/axel/Documents/py/test.py 
2025-09-07 09:10:35.058 [info] [Debug - 9:10:35 AM] no definitions found for name "main" of type 'statement' (2:4)
2025-09-07 09:10:35.390 [info] semantic_tokens_full file:///home/axel/Documents/py/test.py 
2025-09-07 09:10:35.392 [info] [Debug - 9:10:35 AM] no definitions found for name "main" of type 'statement' (2:4)
2025-09-07 09:10:37.926 [info] semantic_tokens_full file:///home/axel/Documents/py/test.py 
2025-09-07 09:10:37.931 [info] [Debug - 9:10:37 AM] no definitions found for name "main" of type 'statement' (2:4)
2025-09-07 09:10:38.350 [info] semantic_tokens_full file:///home/axel/Documents/py/test.py 
2025-09-07 09:10:38.826 [info] semantic_tokens_full file:///home/axel/Documents/py/test.py 
2025-09-07 09:10:40.195 [info] semantic_tokens_full file:///home/axel/Documents/py/test.py 
2025-09-07 09:10:40.196 [info] [Debug - 9:10:40 AM] no definitions found for name "a" of type 'statement' (2:0)
2025-09-07 09:10:40.706 [info] semantic_tokens_full file:///home/axel/Documents/py/test.py 
2025-09-07 09:10:40.707 [info] [Debug - 9:10:40 AM] no definitions found for name "a" of type 'statement' (2:0)
2025-09-07 09:10:41.049 [info] semantic_tokens_full file:///home/axel/Documents/py/test.py 
2025-09-07 09:10:43.238 [info] semantic_tokens_full file:///home/axel/Documents/py/test.py 
2025-09-07 09:10:43.878 [info] semantic_tokens_full file:///home/axel/Documents/py/test.py 
2025-09-07 09:10:44.334 [info] semantic_tokens_full file:///home/axel/Documents/py/test.py 
2025-09-07 09:10:44.336 [info] [Debug - 9:10:44 AM] no definitions found for name "s" of type 'statement' (4:0)
2025-09-07 09:10:44.668 [info] semantic_tokens_full file:///home/axel/Documents/py/test.py 
2025-09-07 09:10:45.693 [info] semantic_tokens_full file:///home/axel/Documents/py/test.py 
2025-09-07 09:10:45.694 [info] [Debug - 9:10:45 AM] no definitions found for name "s" of type 'statement' (4:0)
2025-09-07 09:10:46.025 [info] semantic_tokens_full file:///home/axel/Documents/py/test.py 
2025-09-07 09:10:46.860 [info] semantic_tokens_full file:///home/axel/Documents/py/test.py 
2025-09-07 09:10:46.861 [info] [Debug - 9:10:46 AM] no definitions found for name "b" of type 'statement' (4:0)
2025-09-07 09:10:47.185 [info] semantic_tokens_full file:///home/axel/Documents/py/test.py 
2025-09-07 09:10:47.186 [info] [Debug - 9:10:47 AM] no definitions found for name "b" of type 'statement' (4:0)
2025-09-07 09:10:47.545 [info] semantic_tokens_full file:///home/axel/Documents/py/test.py 
2025-09-07 09:10:47.545 [info] [Debug - 9:10:47 AM] no definitions found for name "b" of type 'statement' (4:0)
2025-09-07 09:10:48.017 [info] semantic_tokens_full file:///home/axel/Documents/py/test.py 
2025-09-07 09:10:48.018 [info] [Debug - 9:10:48 AM] no definitions found for name "b" of type 'statement' (4:0)
2025-09-07 09:10:48.337 [info] semantic_tokens_full file:///home/axel/Documents/py/test.py 
2025-09-07 09:10:48.817 [info] semantic_tokens_full file:///home/axel/Documents/py/test.py 
2025-09-07 09:10:48.818 [info] [Debug - 9:10:48 AM] no definitions found for name "b" of type 'statement' (3:0)
2025-09-07 09:10:49.233 [info] semantic_tokens_full file:///home/axel/Documents/py/test.py 
2025-09-07 09:10:49.234 [info] [Debug - 9:10:49 AM] no definitions found for name "b" of type 'statement' (3:0)
2025-09-07 09:10:50.118 [info] semantic_tokens_full file:///home/axel/Documents/py/test.py 
2025-09-07 09:10:51.207 [info] semantic_tokens_full file:///home/axel/Documents/py/test.py 
2025-09-07 09:10:52.859 [info] semantic_tokens_full file:///home/axel/Documents/py/test.py 
2025-09-07 09:10:55.196 [info] semantic_tokens_full file:///home/axel/Documents/py/test.py 
2025-09-07 09:10:55.568 [info] semantic_tokens_full file:///home/axel/Documents/py/test.py 
2025-09-07 09:10:55.570 [info] [Debug - 9:10:55 AM] no definitions found for name "f" of type 'statement' (5:0)
2025-09-07 09:10:55.985 [info] semantic_tokens_full file:///home/axel/Documents/py/test.py 
2025-09-07 09:10:59.199 [info] semantic_tokens_full file:///home/axel/Documents/py/test.py 
2025-09-07 09:11:02.595 [info] semantic_tokens_full file:///home/axel/Documents/py/test.py 
2025-09-07 09:11:03.838 [info] semantic_tokens_full file:///home/axel/Documents/py/test.py 
2025-09-07 09:11:04.472 [info] semantic_tokens_full file:///home/axel/Documents/py/test.py 
2025-09-07 09:11:05.049 [info] semantic_tokens_full file:///home/axel/Documents/py/test.py 
2025-09-07 09:11:08.156 [info] semantic_tokens_full file:///home/axel/Documents/py/test.py 
2025-09-07 09:11:08.548 [info] semantic_tokens_full file:///home/axel/Documents/py/test.py 
2025-09-07 09:11:11.407 [info] semantic_tokens_full file:///home/axel/Documents/py/test.py 
2025-09-07 09:11:12.280 [info] semantic_tokens_full file:///home/axel/Documents/py/test.py 
2025-09-07 09:11:13.707 [info] semantic_tokens_full file:///home/axel/Documents/py/test.py 
2025-09-07 09:11:14.031 [info] semantic_tokens_full file:///home/axel/Documents/py/test.py 
2025-09-07 09:11:14.739 [info] semantic_tokens_full file:///home/axel/Documents/py/test.py 
2025-09-07 09:11:15.180 [info] semantic_tokens_full file:///home/axel/Documents/py/test.py 
2025-09-07 09:11:15.968 [info] semantic_tokens_full file:///home/axel/Documents/py/test.py 
2025-09-07 09:11:16.707 [info] semantic_tokens_full file:///home/axel/Documents/py/test.py 
2025-09-07 09:11:17.171 [info] semantic_tokens_full file:///home/axel/Documents/py/test.py 
2025-09-07 09:11:17.908 [info] semantic_tokens_full file:///home/axel/Documents/py/test.py 
2025-09-07 09:11:19.606 [info] semantic_tokens_full file:///home/axel/Documents/py/test.py 
2025-09-07 09:11:21.631 [info] semantic_tokens_full file:///home/axel/Documents/py/test.py 
2025-09-07 09:11:21.633 [info] [Debug - 9:11:21 AM] no definitions found for name "pri" of type 'statement' (6:4)
2025-09-07 09:11:21.959 [info] semantic_tokens_full file:///home/axel/Documents/py/test.py 
2025-09-07 09:11:23.464 [info] semantic_tokens_full file:///home/axel/Documents/py/test.py 
2025-09-07 09:11:25.213 [info] semantic_tokens_full file:///home/axel/Documents/py/test.py 
2025-09-07 09:11:25.944 [info] semantic_tokens_full file:///home/axel/Documents/py/test.py 
2025-09-07 09:11:26.285 [info] semantic_tokens_full file:///home/axel/Documents/py/test.py 
2025-09-07 09:11:26.641 [info] semantic_tokens_full file:///home/axel/Documents/py/test.py 
2025-09-07 09:11:29.102 [info] semantic_tokens_full file:///home/axel/Documents/py/test.py 
2025-09-07 09:11:29.538 [info] semantic_tokens_full file:///home/axel/Documents/py/test.py 
2025-09-07 09:11:29.543 [info] [Debug - 9:11:29 AM] no definitions found for name "e" of type 'statement' (7:0)
2025-09-07 09:11:30.046 [info] semantic_tokens_full file:///home/axel/Documents/py/test.py 
2025-09-07 09:11:31.162 [info] semantic_tokens_full file:///home/axel/Documents/py/test.py 
2025-09-07 09:11:31.527 [info] semantic_tokens_full file:///home/axel/Documents/py/test.py 
2025-09-07 09:11:31.958 [info] semantic_tokens_full file:///home/axel/Documents/py/test.py 
2025-09-07 09:11:32.354 [info] semantic_tokens_full file:///home/axel/Documents/py/test.py 
2025-09-07 09:11:32.357 [info] [Debug - 9:11:32 AM] no definitions found for name "x" of type 'statement' (8:8)
2025-09-07 09:11:32.681 [info] semantic_tokens_full file:///home/axel/Documents/py/test.py 
2025-09-07 09:11:32.686 [info] [Debug - 9:11:32 AM] no definitions found for name "x" of type 'statement' (8:8)
2025-09-07 09:11:32.687 [info] [Debug - 9:11:32 AM] no definitions found for name "i" of type 'statement' (8:10)
2025-09-07 09:11:33.055 [info] semantic_tokens_full file:///home/axel/Documents/py/test.py 
2025-09-07 09:11:33.058 [info] [Debug - 9:11:33 AM] no definitions found for name "x" of type 'statement' (8:8)
2025-09-07 09:11:36.359 [info] semantic_tokens_full file:///home/axel/Documents/py/test.py 
2025-09-07 09:11:36.360 [info] [Debug - 9:11:36 AM] no definitions found for name "x" of type 'statement' (8:8)
2025-09-07 09:11:44.587 [info] semantic_tokens_full file:///home/axel/Documents/py/test.py 
2025-09-07 09:11:44.588 [info] [Debug - 9:11:44 AM] no definitions found for name "x" of type 'statement' (8:8)
2025-09-07 09:11:48.524 [info] semantic_tokens_full file:///home/axel/Documents/py/test.py 
2025-09-07 09:11:48.525 [info] [Debug - 9:11:48 AM] no definitions found for name "x" of type 'statement' (8:8)
2025-09-07 09:11:48.890 [info] semantic_tokens_full file:///home/axel/Documents/py/test.py 
2025-09-07 09:11:48.892 [info] [Debug - 9:11:48 AM] no definitions found for name "x" of type 'statement' (8:8)
2025-09-07 09:11:50.416 [info] semantic_tokens_full file:///home/axel/Documents/py/test.py 
2025-09-07 09:11:50.744 [info] semantic_tokens_full file:///home/axel/Documents/py/test.py 
2025-09-07 09:11:50.746 [info] [Debug - 9:11:50 AM] no definitions found for name "pr" of type 'statement' (9:8)
2025-09-07 09:11:51.133 [info] semantic_tokens_full file:///home/axel/Documents/py/test.py 
2025-09-07 09:11:51.541 [info] semantic_tokens_full file:///home/axel/Documents/py/test.py 
2025-09-07 09:12:13.417 [info] semantic_tokens_full file:///home/axel/Documents/py/test.py 
2025-09-07 09:12:50.600 [info] semantic_tokens_full file:///home/axel/Documents/py/test.py 
2025-09-07 09:12:52.055 [info] semantic_tokens_full file:///home/axel/Documents/py/test.py 
2025-09-07 09:12:52.403 [info] semantic_tokens_full file:///home/axel/Documents/py/test.py 
2025-09-07 09:12:52.947 [info] semantic_tokens_full file:///home/axel/Documents/py/test.py 
2025-09-07 09:12:53.447 [info] semantic_tokens_full file:///home/axel/Documents/py/test.py 
2025-09-07 09:12:56.270 [info] semantic_tokens_full file:///home/axel/Documents/py/test.py 
2025-09-07 09:12:56.616 [info] semantic_tokens_full file:///home/axel/Documents/py/test.py 
2025-09-07 09:12:58.749 [info] semantic_tokens_full file:///home/axel/Documents/py/test.py 
2025-09-07 09:13:00.561 [info] semantic_tokens_full file:///home/axel/Documents/py/test.py 
2025-09-07 09:13:01.085 [info] semantic_tokens_full file:///home/axel/Documents/py/test.py 
2025-09-07 09:13:09.944 [info] semantic_tokens_full file:///home/axel/Documents/py/test.py 
2025-09-07 09:13:10.282 [info] semantic_tokens_full file:///home/axel/Documents/py/test.py 
2025-09-07 09:13:14.798 [info] semantic_tokens_full file:///home/axel/Documents/py/test.py 
2025-09-07 09:13:15.350 [info] semantic_tokens_full file:///home/axel/Documents/py/test.py 
2025-09-07 09:13:15.353 [info] [Debug - 9:13:15 AM] no definitions found for name "ib" of type 'statement' (5:5)
2025-09-07 09:13:16.820 [info] semantic_tokens_full file:///home/axel/Documents/py/test.py 
2025-09-07 09:13:16.820 [info] [Debug - 9:13:16 AM] no definitions found for name "i1" of type 'statement' (5:5)
2025-09-07 09:13:17.303 [info] semantic_tokens_full file:///home/axel/Documents/py/test.py 
2025-09-07 09:13:17.304 [info] [Debug - 9:13:17 AM] no definitions found for name "a1" of type 'statement' (5:3)
2025-09-07 09:13:17.723 [info] semantic_tokens_full file:///home/axel/Documents/py/test.py 
2025-09-07 09:13:18.729 [info] semantic_tokens_full file:///home/axel/Documents/py/test.py 
2025-09-07 09:13:21.538 [info] semantic_tokens_full file:///home/axel/Documents/py/test.py 
2025-09-07 09:13:21.539 [info] [Debug - 9:13:21 AM] no definitions found for name "num" of type 'statement' (5:3)
2025-09-07 09:13:22.110 [info] semantic_tokens_full file:///home/axel/Documents/py/test.py 
2025-09-07 09:13:22.111 [info] [Debug - 9:13:22 AM] no definitions found for name "num" of type 'statement' (5:3)
2025-09-07 09:13:22.522 [info] semantic_tokens_full file:///home/axel/Documents/py/test.py 
2025-09-07 09:13:22.523 [info] [Debug - 9:13:22 AM] no definitions found for name "num" of type 'statement' (5:3)
2025-09-07 09:13:24.894 [info] semantic_tokens_full file:///home/axel/Documents/py/test.py 
2025-09-07 09:13:24.895 [info] [Debug - 9:13:24 AM] no definitions found for name "num" of type 'statement' (5:3)
2025-09-07 09:13:28.616 [info] semantic_tokens_full file:///home/axel/Documents/py/test.py 
2025-09-07 09:13:28.616 [info] [Debug - 9:13:28 AM] no definitions found for name "num" of type 'statement' (7:3)
2025-09-07 09:13:31.081 [info] semantic_tokens_full file:///home/axel/Documents/py/test.py 
2025-09-07 09:13:31.082 [info] [Debug - 9:13:31 AM] no definitions found for name "num" of type 'statement' (7:3)
2025-09-07 09:13:31.452 [info] semantic_tokens_full file:///home/axel/Documents/py/test.py 
2025-09-07 09:13:31.453 [info] [Debug - 9:13:31 AM] no definitions found for name "ino" of type 'statement' (5:0)
2025-09-07 09:13:31.453 [info] [Debug - 9:13:31 AM] no definitions found for name "num" of type 'statement' (7:3)
2025-09-07 09:13:31.817 [info] semantic_tokens_full file:///home/axel/Documents/py/test.py 
2025-09-07 09:13:31.817 [info] [Debug - 9:13:31 AM] no definitions found for name "inp" of type 'statement' (5:0)
2025-09-07 09:13:31.818 [info] [Debug - 9:13:31 AM] no definitions found for name "num" of type 'statement' (7:3)
2025-09-07 09:13:32.286 [info] semantic_tokens_full file:///home/axel/Documents/py/test.py 
2025-09-07 09:13:32.287 [info] [Debug - 9:13:32 AM] no definitions found for name "num" of type 'statement' (7:3)
2025-09-07 09:13:34.514 [info] semantic_tokens_full file:///home/axel/Documents/py/test.py 
2025-09-07 09:13:34.515 [info] [Debug - 9:13:34 AM] no definitions found for name "i" of type 'statement' (5:0)
2025-09-07 09:13:34.515 [info] [Debug - 9:13:34 AM] no definitions found for name "num" of type 'statement' (7:3)
2025-09-07 09:13:34.823 [info] semantic_tokens_full file:///home/axel/Documents/py/test.py 
2025-09-07 09:13:34.825 [info] [Debug - 9:13:34 AM] no definitions found for name "num" of type 'statement' (7:3)
2025-09-07 09:13:35.714 [info] semantic_tokens_full file:///home/axel/Documents/py/test.py 
2025-09-07 09:13:35.715 [info] [Debug - 9:13:35 AM] no definitions found for name "i" of type 'statement' (5:4)
2025-09-07 09:13:35.715 [info] [Debug - 9:13:35 AM] no definitions found for name "num" of type 'statement' (7:3)
2025-09-07 09:13:36.025 [info] semantic_tokens_full file:///home/axel/Documents/py/test.py 
2025-09-07 09:13:36.027 [info] [Debug - 9:13:36 AM] no definitions found for name "inp" of type 'statement' (5:4)
2025-09-07 09:13:36.027 [info] [Debug - 9:13:36 AM] no definitions found for name "num" of type 'statement' (7:3)
2025-09-07 09:13:36.367 [info] semantic_tokens_full file:///home/axel/Documents/py/test.py 
2025-09-07 09:13:36.368 [info] [Debug - 9:13:36 AM] no definitions found for name "num" of type 'statement' (7:3)
2025-09-07 09:13:36.683 [info] semantic_tokens_full file:///home/axel/Documents/py/test.py 
2025-09-07 09:13:36.684 [info] [Debug - 9:13:36 AM] no definitions found for name "num" of type 'statement' (7:3)
2025-09-07 09:13:38.509 [info] semantic_tokens_full file:///home/axel/Documents/py/test.py 
2025-09-07 09:13:38.510 [info] [Debug - 9:13:38 AM] no definitions found for name "num" of type 'statement' (7:3)
2025-09-07 09:13:39.049 [info] semantic_tokens_full file:///home/axel/Documents/py/test.py 
2025-09-07 09:13:39.050 [info] [Debug - 9:13:39 AM] no definitions found for name "num" of type 'statement' (7:3)
2025-09-07 09:13:39.448 [info] semantic_tokens_full file:///home/axel/Documents/py/test.py 
2025-09-07 09:13:39.449 [info] [Debug - 9:13:39 AM] no definitions found for name "num" of type 'statement' (7:3)
2025-09-07 09:13:39.796 [info] semantic_tokens_full file:///home/axel/Documents/py/test.py 
2025-09-07 09:13:39.797 [info] [Debug - 9:13:39 AM] no definitions found for name "num" of type 'statement' (7:3)
2025-09-07 09:13:40.123 [info] semantic_tokens_full file:///home/axel/Documents/py/test.py 
2025-09-07 09:13:40.124 [info] [Debug - 9:13:40 AM] no definitions found for name "num" of type 'statement' (7:3)
2025-09-07 09:13:43.531 [info] semantic_tokens_full file:///home/axel/Documents/py/test.py 
2025-09-07 09:13:43.533 [info] [Debug - 9:13:43 AM] no definitions found for name "num" of type 'statement' (7:3)
2025-09-07 09:13:46.869 [info] semantic_tokens_full file:///home/axel/Documents/py/test.py 
2025-09-07 09:13:46.870 [info] [Debug - 9:13:46 AM] no definitions found for name "num" of type 'statement' (8:3)
2025-09-07 09:13:48.788 [info] semantic_tokens_full file:///home/axel/Documents/py/test.py 
2025-09-07 09:13:48.788 [info] [Debug - 9:13:48 AM] no definitions found for name "wh" of type 'statement' (5:0)
2025-09-07 09:13:48.789 [info] [Debug - 9:13:48 AM] no definitions found for name "num" of type 'statement' (8:3)
2025-09-07 09:13:49.240 [info] semantic_tokens_full file:///home/axel/Documents/py/test.py 
2025-09-07 09:13:49.241 [info] [Debug - 9:13:49 AM] no definitions found for name "num" of type 'statement' (8:3)
2025-09-07 09:13:49.587 [info] semantic_tokens_full file:///home/axel/Documents/py/test.py 
2025-09-07 09:13:49.588 [info] [Debug - 9:13:49 AM] no definitions found for name "num" of type 'statement' (8:3)
2025-09-07 09:13:51.346 [info] semantic_tokens_full file:///home/axel/Documents/py/test.py 
2025-09-07 09:13:51.347 [info] [Debug - 9:13:51 AM] no definitions found for name "num" of type 'statement' (5:6)
2025-09-07 09:13:51.347 [info] [Debug - 9:13:51 AM] no definitions found for name "num" of type 'statement' (8:3)
2025-09-07 09:13:56.103 [info] semantic_tokens_full file:///home/axel/Documents/py/test.py 
2025-09-07 09:13:56.104 [info] [Debug - 9:13:56 AM] no definitions found for name "num" of type 'statement' (5:6)
2025-09-07 09:13:56.105 [info] [Debug - 9:13:56 AM] no definitions found for name "num" of type 'statement' (8:3)
2025-09-07 09:14:06.563 [info] semantic_tokens_full file:///home/axel/Documents/py/test.py 
2025-09-07 09:14:06.564 [info] [Debug - 9:14:06 AM] no definitions found for name "num" of type 'statement' (5:6)
2025-09-07 09:14:06.564 [info] [Debug - 9:14:06 AM] no definitions found for name "num" of type 'statement' (8:3)
2025-09-07 09:14:06.931 [info] semantic_tokens_full file:///home/axel/Documents/py/test.py 
2025-09-07 09:14:06.932 [info] [Debug - 9:14:06 AM] no definitions found for name "num" of type 'statement' (5:6)
2025-09-07 09:14:06.932 [info] [Debug - 9:14:06 AM] no definitions found for name "no" of type 'statement' (5:10)
2025-09-07 09:14:06.932 [info] [Debug - 9:14:06 AM] no definitions found for name "num" of type 'statement' (8:3)
2025-09-07 09:14:07.596 [info] semantic_tokens_full file:///home/axel/Documents/py/test.py 
2025-09-07 09:14:07.600 [info] [Debug - 9:14:07 AM] no definitions found for name "num" of type 'statement' (5:6)
2025-09-07 09:14:07.601 [info] [Debug - 9:14:07 AM] no definitions found for name "num" of type 'statement' (8:3)
2025-09-07 09:14:08.438 [info] semantic_tokens_full file:///home/axel/Documents/py/test.py 
2025-09-07 09:14:08.439 [info] [Debug - 9:14:08 AM] no definitions found for name "num" of type 'statement' (8:3)
2025-09-07 09:14:08.741 [info] semantic_tokens_full file:///home/axel/Documents/py/test.py 
2025-09-07 09:14:08.742 [info] [Debug - 9:14:08 AM] no definitions found for name "num" of type 'statement' (8:3)
2025-09-07 09:14:09.167 [info] semantic_tokens_full file:///home/axel/Documents/py/test.py 
2025-09-07 09:14:09.169 [info] [Debug - 9:14:09 AM] no definitions found for name "num" of type 'statement' (7:3)
2025-09-07 09:14:13.387 [info] semantic_tokens_full file:///home/axel/Documents/py/test.py 
2025-09-07 09:14:13.389 [info] [Debug - 9:14:13 AM] no definitions found for name "num" of type 'statement' (8:3)
2025-09-07 09:14:14.468 [info] semantic_tokens_full file:///home/axel/Documents/py/test.py 
2025-09-07 09:14:14.471 [info] [Debug - 9:14:14 AM] no definitions found for name "wh" of type 'statement' (6:0)
2025-09-07 09:14:14.471 [info] [Debug - 9:14:14 AM] no definitions found for name "num" of type 'statement' (8:3)
2025-09-07 09:14:14.808 [info] semantic_tokens_full file:///home/axel/Documents/py/test.py 
2025-09-07 09:14:14.809 [info] [Debug - 9:14:14 AM] no definitions found for name "whil" of type 'statement' (6:0)
2025-09-07 09:14:14.809 [info] [Debug - 9:14:14 AM] no definitions found for name "num" of type 'statement' (8:3)
2025-09-07 09:14:15.147 [info] semantic_tokens_full file:///home/axel/Documents/py/test.py 
2025-09-07 09:14:15.150 [info] [Debug - 9:14:15 AM] no definitions found for name "num" of type 'statement' (8:3)
2025-09-07 09:14:15.572 [info] semantic_tokens_full file:///home/axel/Documents/py/test.py 
2025-09-07 09:14:15.576 [info] [Debug - 9:14:15 AM] no definitions found for name "n" of type 'statement' (6:6)
2025-09-07 09:14:15.576 [info] [Debug - 9:14:15 AM] no definitions found for name "num" of type 'statement' (8:3)
2025-09-07 09:14:15.894 [info] semantic_tokens_full file:///home/axel/Documents/py/test.py 
2025-09-07 09:14:15.895 [info] [Debug - 9:14:15 AM] no definitions found for name "num" of type 'statement' (6:6)
2025-09-07 09:14:15.895 [info] [Debug - 9:14:15 AM] no definitions found for name "num" of type 'statement' (8:3)
2025-09-07 09:14:16.768 [info] semantic_tokens_full file:///home/axel/Documents/py/test.py 
2025-09-07 09:14:16.771 [info] [Debug - 9:14:16 AM] no definitions found for name "num" of type 'statement' (6:6)
2025-09-07 09:14:16.772 [info] [Debug - 9:14:16 AM] no definitions found for name "no" of type 'statement' (6:10)
2025-09-07 09:14:16.772 [info] [Debug - 9:14:16 AM] no definitions found for name "num" of type 'statement' (8:3)
2025-09-07 09:14:17.084 [info] semantic_tokens_full file:///home/axel/Documents/py/test.py 
2025-09-07 09:14:17.085 [info] [Debug - 9:14:17 AM] no definitions found for name "num" of type 'statement' (6:6)
2025-09-07 09:14:17.085 [info] [Debug - 9:14:17 AM] no definitions found for name "nu" of type 'statement' (6:14)
2025-09-07 09:14:17.085 [info] [Debug - 9:14:17 AM] no definitions found for name "num" of type 'statement' (8:3)
2025-09-07 09:14:17.510 [info] semantic_tokens_full file:///home/axel/Documents/py/test.py 
2025-09-07 09:14:17.513 [info] [Debug - 9:14:17 AM] no definitions found for name "num" of type 'statement' (6:6)
2025-09-07 09:14:17.513 [info] [Debug - 9:14:17 AM] no definitions found for name "num" of type 'statement' (6:14)
2025-09-07 09:14:17.513 [info] [Debug - 9:14:17 AM] no definitions found for name "num" of type 'statement' (8:3)
2025-09-07 09:14:18.385 [info] semantic_tokens_full file:///home/axel/Documents/py/test.py 
2025-09-07 09:14:18.386 [info] [Debug - 9:14:18 AM] no definitions found for name "num" of type 'statement' (6:6)
2025-09-07 09:14:18.386 [info] [Debug - 9:14:18 AM] no definitions found for name "num" of type 'statement' (6:14)
2025-09-07 09:14:18.386 [info] [Debug - 9:14:18 AM] no definitions found for name "num" of type 'statement' (8:3)
2025-09-07 09:14:19.367 [info] semantic_tokens_full file:///home/axel/Documents/py/test.py 
2025-09-07 09:14:19.370 [info] [Debug - 9:14:19 AM] no definitions found for name "num" of type 'statement' (6:6)
2025-09-07 09:14:19.370 [info] [Debug - 9:14:19 AM] no definitions found for name "num" of type 'statement' (6:14)
2025-09-07 09:14:19.370 [info] [Debug - 9:14:19 AM] no definitions found for name "num" of type 'statement' (9:3)
2025-09-07 09:14:23.120 [info] semantic_tokens_full file:///home/axel/Documents/py/test.py 
2025-09-07 09:14:23.122 [info] [Debug - 9:14:23 AM] no definitions found for name "num" of type 'statement' (6:6)
2025-09-07 09:14:23.122 [info] [Debug - 9:14:23 AM] no definitions found for name "num" of type 'statement' (6:14)
2025-09-07 09:14:23.122 [info] [Debug - 9:14:23 AM] no definitions found for name "num" of type 'statement' (9:3)
2025-09-07 09:14:27.010 [info] semantic_tokens_full file:///home/axel/Documents/py/test.py 
2025-09-07 09:14:27.011 [info] [Debug - 9:14:27 AM] no definitions found for name "num" of type 'statement' (6:6)
2025-09-07 09:14:27.011 [info] [Debug - 9:14:27 AM] no definitions found for name "num" of type 'statement' (6:14)
2025-09-07 09:14:27.011 [info] [Debug - 9:14:27 AM] no definitions found for name "num" of type 'statement' (9:3)
2025-09-07 09:14:35.239 [info] semantic_tokens_full file:///home/axel/Documents/py/test.py 
2025-09-07 09:14:35.240 [info] [Debug - 9:14:35 AM] no definitions found for name "num" of type 'statement' (6:6)
2025-09-07 09:14:35.240 [info] [Debug - 9:14:35 AM] no definitions found for name "num" of type 'statement' (6:14)
2025-09-07 09:14:35.240 [info] [Debug - 9:14:35 AM] no definitions found for name "num" of type 'statement' (9:3)
2025-09-07 09:14:41.699 [info] semantic_tokens_full file:///home/axel/Documents/py/test.py 
2025-09-07 09:14:41.700 [info] [Debug - 9:14:41 AM] no definitions found for name "num" of type 'statement' (8:3)
2025-09-07 09:14:42.210 [info] semantic_tokens_full file:///home/axel/Documents/py/test.py 
2025-09-07 09:14:42.211 [info] [Debug - 9:14:42 AM] no definitions found for name "num" of type 'statement' (7:3)
2025-09-07 09:15:01.424 [info] semantic_tokens_full file:///home/axel/Documents/py/test.py 
2025-09-07 09:15:01.425 [info] [Debug - 9:15:01 AM] no definitions found for name "numint" of type 'statement' (5:0)
2025-09-07 09:15:01.425 [info] [Debug - 9:15:01 AM] no definitions found for name "num" of type 'statement' (7:3)
2025-09-07 09:15:01.810 [info] semantic_tokens_full file:///home/axel/Documents/py/test.py 
2025-09-07 09:15:01.812 [info] [Debug - 9:15:01 AM] no definitions found for name "num" of type 'statement' (5:0)
2025-09-07 09:15:01.812 [info] [Debug - 9:15:01 AM] no definitions found for name "num" of type 'statement' (7:3)
2025-09-07 09:15:02.370 [info] semantic_tokens_full file:///home/axel/Documents/py/test.py 
2025-09-07 09:15:05.570 [info] semantic_tokens_full file:///home/axel/Documents/py/test.py 
2025-09-07 09:15:05.572 [info] [Debug - 9:15:05 AM] no definitions found for name "w" of type 'statement' (6:0)
2025-09-07 09:15:05.916 [info] semantic_tokens_full file:///home/axel/Documents/py/test.py 
2025-09-07 09:15:05.917 [info] [Debug - 9:15:05 AM] no definitions found for name "wh" of type 'statement' (6:0)
2025-09-07 09:15:06.240 [info] semantic_tokens_full file:///home/axel/Documents/py/test.py 
2025-09-07 09:15:06.596 [info] semantic_tokens_full file:///home/axel/Documents/py/test.py 
2025-09-07 09:15:06.598 [info] [Debug - 9:15:06 AM] no definitions found for name "w" of type 'statement' (7:0)
2025-09-07 09:15:07.036 [info] semantic_tokens_full file:///home/axel/Documents/py/test.py 
2025-09-07 09:15:07.037 [info] [Debug - 9:15:07 AM] no definitions found for name "whil" of type 'statement' (7:0)
2025-09-07 09:15:07.411 [info] semantic_tokens_full file:///home/axel/Documents/py/test.py 
2025-09-07 09:15:07.412 [info] [Debug - 9:15:07 AM] no definitions found for name "n" of type 'statement' (7:6)
2025-09-07 09:15:07.731 [info] semantic_tokens_full file:///home/axel/Documents/py/test.py 
2025-09-07 09:15:08.080 [info] semantic_tokens_full file:///home/axel/Documents/py/test.py 
2025-09-07 09:15:08.453 [info] semantic_tokens_full file:///home/axel/Documents/py/test.py 
2025-09-07 09:15:10.730 [info] semantic_tokens_full file:///home/axel/Documents/py/test.py 
2025-09-07 09:15:10.731 [info] [Debug - 9:15:10 AM] no definitions found for name "i" of type 'statement' (7:14)
2025-09-07 09:15:11.033 [info] semantic_tokens_full file:///home/axel/Documents/py/test.py 
2025-09-07 09:15:11.754 [info] semantic_tokens_full file:///home/axel/Documents/py/test.py 
2025-09-07 09:15:13.226 [info] semantic_tokens_full file:///home/axel/Documents/py/test.py 
2025-09-07 09:15:13.860 [info] semantic_tokens_full file:///home/axel/Documents/py/test.py 
2025-09-07 09:15:20.453 [info] semantic_tokens_full file:///home/axel/Documents/py/test.py 
2025-09-07 09:15:38.881 [info] semantic_tokens_full file:///home/axel/Documents/py/test.py 
2025-09-07 09:15:38.882 [info] [Debug - 9:15:38 AM] no definitions found for name "nnum" of type 'statement' (7:10)
2025-09-07 09:15:39.314 [info] semantic_tokens_full file:///home/axel/Documents/py/test.py 
2025-09-07 09:15:41.706 [info] semantic_tokens_full file:///home/axel/Documents/py/test.py 
2025-09-07 09:15:41.707 [info] [Debug - 9:15:41 AM] multiple definitions found for name "num" of type 'statement' (10:3):
 <Name full_name='test.num', description='num = int(input("Enter number: "))'>
<Name full_name='test.num', description='num = int(input("Enter number: "))'>
2025-09-07 09:15:46.765 [info] semantic_tokens_full file:///home/axel/Documents/py/test.py 
2025-09-07 09:15:47.799 [info] semantic_tokens_full file:///home/axel/Documents/py/test.py 
2025-09-07 09:15:47.802 [info] [Debug - 9:15:47 AM] no definitions found for name "nonum" of type 'statement' (7:10)
2025-09-07 09:15:48.109 [info] semantic_tokens_full file:///home/axel/Documents/py/test.py 
2025-09-07 09:15:48.111 [info] [Debug - 9:15:48 AM] no definitions found for name "notnum" of type 'statement' (7:10)
2025-09-07 09:15:50.232 [info] semantic_tokens_full file:///home/axel/Documents/py/test.py 
2025-09-07 09:15:58.793 [info] semantic_tokens_full file:///home/axel/Documents/py/test.py 
2025-09-07 09:15:59.754 [info] semantic_tokens_full file:///home/axel/Documents/py/test.py 
2025-09-07 09:16:22.094 [info] semantic_tokens_full file:///home/axel/Documents/py/test.py 
2025-09-07 09:16:22.867 [info] semantic_tokens_full file:///home/axel/Documents/py/test.py 
2025-09-07 09:16:23.278 [info] semantic_tokens_full file:///home/axel/Documents/py/test.py 
2025-09-07 09:16:23.715 [info] semantic_tokens_full file:///home/axel/Documents/py/test.py 
2025-09-07 09:16:24.443 [info] semantic_tokens_full file:///home/axel/Documents/py/test.py 
2025-09-07 09:16:24.886 [info] semantic_tokens_full file:///home/axel/Documents/py/test.py 
2025-09-07 09:16:25.352 [info] semantic_tokens_full file:///home/axel/Documents/py/test.py 
2025-09-07 09:16:25.684 [info] semantic_tokens_full file:///home/axel/Documents/py/test.py 
2025-09-07 09:16:26.009 [info] semantic_tokens_full file:///home/axel/Documents/py/test.py 
2025-09-07 09:17:49.283 [info] semantic_tokens_full file:///home/axel/Documents/py/test.py 
2025-09-07 09:17:49.871 [info] semantic_tokens_full file:///home/axel/Documents/py/test.py 
2025-09-07 09:17:49.872 [info] [Debug - 9:17:49 AM] no definitions found for name "prin" of type 'statement' (12:8)
2025-09-07 09:17:50.261 [info] semantic_tokens_full file:///home/axel/Documents/py/test.py 
2025-09-07 09:17:51.447 [info] semantic_tokens_full file:///home/axel/Documents/py/test.py 
2025-09-07 09:17:53.472 [info] semantic_tokens_full file:///home/axel/Documents/py/test.py 
2025-09-07 09:18:00.478 [info] semantic_tokens_full file:///home/axel/Documents/py/test.py 
2025-09-07 09:18:00.826 [info] semantic_tokens_full file:///home/axel/Documents/py/test.py 
2025-09-07 09:18:00.828 [info] [Debug - 9:18:00 AM] no definitions found for name "pri" of type 'statement' (12:8)
2025-09-07 09:18:01.266 [info] semantic_tokens_full file:///home/axel/Documents/py/test.py 
2025-09-07 09:18:01.268 [info] [Debug - 9:18:01 AM] no definitions found for name "p" of type 'statement' (12:8)
2025-09-07 09:18:01.615 [info] semantic_tokens_full file:///home/axel/Documents/py/test.py 
2025-09-07 09:18:01.975 [info] semantic_tokens_full file:///home/axel/Documents/py/test.py 
2025-09-07 09:18:04.887 [info] semantic_tokens_full file:///home/axel/Documents/py/test.py 
2025-09-07 09:18:05.532 [info] semantic_tokens_full file:///home/axel/Documents/py/test.py 
2025-09-07 09:18:05.533 [info] [Debug - 9:18:05 AM] no definitions found for name "pr" of type 'statement' (9:4)
2025-09-07 09:18:05.836 [info] semantic_tokens_full file:///home/axel/Documents/py/test.py 
2025-09-07 09:18:06.415 [info] semantic_tokens_full file:///home/axel/Documents/py/test.py 
2025-09-07 09:18:19.952 [info] semantic_tokens_full file:///home/axel/Documents/py/test.py 
2025-09-07 09:18:20.482 [info] semantic_tokens_full file:///home/axel/Documents/py/test.py 
2025-09-07 09:18:20.888 [info] semantic_tokens_full file:///home/axel/Documents/py/test.py 
2025-09-07 09:18:20.890 [info] [Debug - 9:18:20 AM] no definitions found for name "x" of type 'statement' (9:12)
2025-09-07 09:18:22.066 [info] semantic_tokens_full file:///home/axel/Documents/py/test.py 
2025-09-07 09:18:24.931 [info] semantic_tokens_full file:///home/axel/Documents/py/test.py 
2025-09-07 09:18:25.296 [info] semantic_tokens_full file:///home/axel/Documents/py/test.py 
2025-09-07 09:18:26.371 [info] semantic_tokens_full file:///home/axel/Documents/py/test.py 
2025-09-07 09:18:32.603 [info] semantic_tokens_full file:///home/axel/Documents/py/test.py 
2025-09-07 09:18:34.729 [info] semantic_tokens_full file:///home/axel/Documents/py/test.py 
2025-09-07 09:18:34.729 [info] [Debug - 9:18:34 AM] no definitions found for name "cou" of type 'statement' (6:0)
2025-09-07 09:18:35.094 [info] semantic_tokens_full file:///home/axel/Documents/py/test.py 
2025-09-07 09:18:35.097 [info] [Debug - 9:18:35 AM] no definitions found for name "counter" of type 'statement' (6:0)
2025-09-07 09:18:35.408 [info] semantic_tokens_full file:///home/axel/Documents/py/test.py 
2025-09-07 09:18:35.409 [info] [Debug - 9:18:35 AM] no definitions found for name "counter" of type 'statement' (6:0)
2025-09-07 09:18:36.157 [info] semantic_tokens_full file:///home/axel/Documents/py/test.py 
2025-09-07 09:18:38.500 [info] semantic_tokens_full file:///home/axel/Documents/py/test.py 
2025-09-07 09:18:38.805 [info] semantic_tokens_full file:///home/axel/Documents/py/test.py 
2025-09-07 09:18:38.810 [info] [Debug - 9:18:38 AM] no definitions found for name "w" of type 'statement' (10:4)
2025-09-07 09:18:39.137 [info] semantic_tokens_full file:///home/axel/Documents/py/test.py 
2025-09-07 09:18:39.138 [info] [Debug - 9:18:39 AM] no definitions found for name "whil" of type 'statement' (10:4)
2025-09-07 09:18:39.441 [info] semantic_tokens_full file:///home/axel/Documents/py/test.py 
2025-09-07 09:18:39.442 [info] [Debug - 9:18:39 AM] no definitions found for name "c" of type 'statement' (10:10)
2025-09-07 09:18:39.773 [info] semantic_tokens_full file:///home/axel/Documents/py/test.py 
2025-09-07 09:18:39.774 [info] [Debug - 9:18:39 AM] no definitions found for name "coun" of type 'statement' (10:10)
2025-09-07 09:18:40.106 [info] semantic_tokens_full file:///home/axel/Documents/py/test.py 
2025-09-07 09:18:42.349 [info] semantic_tokens_full file:///home/axel/Documents/py/test.py 
2025-09-07 09:18:42.990 [info] semantic_tokens_full file:///home/axel/Documents/py/test.py 
2025-09-07 09:18:43.634 [info] semantic_tokens_full file:///home/axel/Documents/py/test.py 
2025-09-07 09:18:44.319 [info] semantic_tokens_full file:///home/axel/Documents/py/test.py 
2025-09-07 09:18:47.131 [info] semantic_tokens_full file:///home/axel/Documents/py/test.py 
2025-09-07 09:18:49.707 [info] semantic_tokens_full file:///home/axel/Documents/py/test.py 
2025-09-07 09:18:49.708 [info] [Debug - 9:18:49 AM] no definitions found for name "x" of type 'statement' (10:22)
2025-09-07 09:18:51.025 [info] semantic_tokens_full file:///home/axel/Documents/py/test.py 
2025-09-07 09:18:52.245 [info] semantic_tokens_full file:///home/axel/Documents/py/test.py 
2025-09-07 09:18:53.059 [info] semantic_tokens_full file:///home/axel/Documents/py/test.py 
2025-09-07 09:18:53.068 [info] [Debug - 9:18:53 AM] no definitions found for name "l" of type 'statement' (10:22)
2025-09-07 09:18:53.431 [info] semantic_tokens_full file:///home/axel/Documents/py/test.py 
2025-09-07 09:18:53.438 [info] [Debug - 9:18:53 AM] no definitions found for name "leng" of type 'statement' (10:22)
2025-09-07 09:18:53.866 [info] semantic_tokens_full file:///home/axel/Documents/py/test.py 
2025-09-07 09:18:53.873 [info] [Debug - 9:18:53 AM] no definitions found for name "length" of type 'statement' (10:22)
2025-09-07 09:18:54.459 [info] semantic_tokens_full file:///home/axel/Documents/py/test.py 
2025-09-07 09:18:57.170 [info] semantic_tokens_full file:///home/axel/Documents/py/test.py 
2025-09-07 09:18:57.181 [info] [Debug - 9:18:57 AM] no definitions found for name "l" of type 'statement' (10:22)
2025-09-07 09:18:57.732 [info] semantic_tokens_full file:///home/axel/Documents/py/test.py 
2025-09-07 09:18:57.742 [info] [Debug - 9:18:57 AM] no definitions found for name "len" of type 'statement' (10:22)
2025-09-07 09:18:58.277 [info] semantic_tokens_full file:///home/axel/Documents/py/test.py 
2025-09-07 09:18:58.286 [info] [Debug - 9:18:58 AM] no definitions found for name "len" of type 'statement' (10:22)
2025-09-07 09:19:00.563 [info] semantic_tokens_full file:///home/axel/Documents/py/test.py 
2025-09-07 09:19:00.573 [info] [Debug - 9:19:00 AM] no definitions found for name "len" of type 'statement' (10:22)
2025-09-07 09:19:00.873 [info] semantic_tokens_full file:///home/axel/Documents/py/test.py 
2025-09-07 09:19:01.258 [info] semantic_tokens_full file:///home/axel/Documents/py/test.py 
2025-09-07 09:19:01.869 [info] semantic_tokens_full file:///home/axel/Documents/py/test.py 
2025-09-07 09:19:02.355 [info] semantic_tokens_full file:///home/axel/Documents/py/test.py 
2025-09-07 09:19:11.193 [info] semantic_tokens_full file:///home/axel/Documents/py/test.py 
2025-09-07 09:19:22.051 [info] semantic_tokens_full file:///home/axel/Documents/py/test.py 
2025-09-07 09:19:22.052 [info] [Debug - 9:19:22 AM] no definitions found for name "prin" of type 'statement' (11:8)
2025-09-07 09:19:22.469 [info] semantic_tokens_full file:///home/axel/Documents/py/test.py 
2025-09-07 09:19:22.924 [info] semantic_tokens_full file:///home/axel/Documents/py/test.py 
2025-09-07 09:19:23.263 [info] semantic_tokens_full file:///home/axel/Documents/py/test.py 
2025-09-07 09:19:23.265 [info] [Debug - 9:19:23 AM] no definitions found for name "x" of type 'statement' (11:14)
2025-09-07 09:19:23.887 [info] semantic_tokens_full file:///home/axel/Documents/py/test.py 
2025-09-07 09:19:24.324 [info] semantic_tokens_full file:///home/axel/Documents/py/test.py 
2025-09-07 09:19:24.931 [info] semantic_tokens_full file:///home/axel/Documents/py/test.py 
2025-09-07 09:19:24.932 [info] [Debug - 9:19:24 AM] no definitions found for name "x" of type 'statement' (11:14)
2025-09-07 09:19:26.160 [info] semantic_tokens_full file:///home/axel/Documents/py/test.py 
2025-09-07 09:19:30.948 [info] WARNING:pygls.protocol.json_rpc:Cancel notification for unknown message id "1102"

2025-09-07 09:19:32.834 [info] semantic_tokens_full file:///home/axel/Documents/py/test.py 
2025-09-07 09:19:34.823 [info] semantic_tokens_full file:///home/axel/Documents/py/test.py 
2025-09-07 09:19:34.829 [info] [Debug - 9:19:34 AM] no definitions found for name "c" of type 'statement' (11:16)
2025-09-07 09:19:35.233 [info] semantic_tokens_full file:///home/axel/Documents/py/test.py 
2025-09-07 09:19:35.237 [info] [Debug - 9:19:35 AM] no definitions found for name "cou" of type 'statement' (11:16)
2025-09-07 09:19:35.569 [info] semantic_tokens_full file:///home/axel/Documents/py/test.py 
2025-09-07 09:19:53.986 [info] semantic_tokens_full file:///home/axel/Documents/py/test.py 
2025-09-07 09:19:54.516 [info] semantic_tokens_full file:///home/axel/Documents/py/test.py 
2025-09-07 09:19:55.137 [info] semantic_tokens_full file:///home/axel/Documents/py/test.py 
2025-09-07 09:19:55.473 [info] semantic_tokens_full file:///home/axel/Documents/py/test.py 
2025-09-07 09:19:56.171 [info] semantic_tokens_full file:///home/axel/Documents/py/test.py 
2025-09-07 09:19:56.694 [info] semantic_tokens_full file:///home/axel/Documents/py/test.py 
2025-09-07 09:19:56.696 [info] [Debug - 9:19:56 AM] no definitions found for name "co" of type 'statement' (12:8)
2025-09-07 09:19:57.010 [info] semantic_tokens_full file:///home/axel/Documents/py/test.py 
2025-09-07 09:19:57.016 [info] [Debug - 9:19:57 AM] no definitions found for name "count" of type 'statement' (12:8)
2025-09-07 09:19:57.364 [info] semantic_tokens_full file:///home/axel/Documents/py/test.py 
2025-09-07 09:19:57.840 [info] semantic_tokens_full file:///home/axel/Documents/py/test.py 
2025-09-07 09:19:58.189 [info] semantic_tokens_full file:///home/axel/Documents/py/test.py 
2025-09-07 09:19:59.192 [info] semantic_tokens_full file:///home/axel/Documents/py/test.py 
2025-09-07 09:19:59.816 [info] semantic_tokens_full file:///home/axel/Documents/py/test.py 
2025-09-07 09:20:00.576 [info] semantic_tokens_full file:///home/axel/Documents/py/test.py 
2025-09-07 09:20:01.647 [info] semantic_tokens_full file:///home/axel/Documents/py/test.py 
2025-09-07 09:20:01.973 [info] semantic_tokens_full file:///home/axel/Documents/py/test.py 
2025-09-07 09:20:02.852 [info] semantic_tokens_full file:///home/axel/Documents/py/test.py 
2025-09-07 09:20:09.435 [info] semantic_tokens_full file:///home/axel/Documents/py/test.py 
2025-09-07 09:20:11.685 [info] semantic_tokens_full file:///home/axel/Documents/py/test.py 
2025-09-07 09:20:12.141 [info] semantic_tokens_full file:///home/axel/Documents/py/test.py 
2025-09-07 09:20:13.998 [info] semantic_tokens_full file:///home/axel/Documents/py/test.py 
2025-09-07 09:20:14.593 [info] semantic_tokens_full file:///home/axel/Documents/py/test.py 
2025-09-07 09:20:14.961 [info] semantic_tokens_full file:///home/axel/Documents/py/test.py 
2025-09-07 09:20:14.964 [info] [Debug - 9:20:14 AM] no definitions found for name "_" of type 'statement' (12:17)
2025-09-07 09:20:15.545 [info] semantic_tokens_full file:///home/axel/Documents/py/test.py 
2025-09-07 09:20:16.234 [info] semantic_tokens_full file:///home/axel/Documents/py/test.py 
2025-09-07 09:20:16.729 [info] semantic_tokens_full file:///home/axel/Documents/py/test.py 
2025-09-07 09:20:17.159 [info] semantic_tokens_full file:///home/axel/Documents/py/test.py 
2025-09-07 09:20:19.572 [info] semantic_tokens_full file:///home/axel/Documents/py/test.py 
2025-09-07 09:20:19.884 [info] semantic_tokens_full file:///home/axel/Documents/py/test.py 
2025-09-07 09:20:20.435 [info] semantic_tokens_full file:///home/axel/Documents/py/test.py 
2025-09-07 09:20:20.789 [info] semantic_tokens_full file:///home/axel/Documents/py/test.py 
2025-09-07 09:20:22.552 [info] semantic_tokens_full file:///home/axel/Documents/py/test.py 
2025-09-07 09:20:23.043 [info] semantic_tokens_full file:///home/axel/Documents/py/test.py 
2025-09-07 09:20:34.863 [info] semantic_tokens_full file:///home/axel/Documents/py/test.py 
2025-09-07 09:20:35.215 [info] semantic_tokens_full file:///home/axel/Documents/py/test.py 
2025-09-07 09:20:41.030 [info] semantic_tokens_full file:///home/axel/Documents/py/test.py 
2025-09-07 09:20:45.873 [info] semantic_tokens_full file:///home/axel/Documents/py/test.py 
2025-09-07 09:20:46.653 [info] semantic_tokens_full file:///home/axel/Documents/py/test.py 
2025-09-07 09:20:46.657 [info] [Debug - 9:20:46 AM] no definitions found for name "co" of type 'statement' (12:18)
2025-09-07 09:20:47.043 [info] semantic_tokens_full file:///home/axel/Documents/py/test.py 
2025-09-07 09:20:47.045 [info] [Debug - 9:20:47 AM] no definitions found for name "counte" of type 'statement' (12:18)
2025-09-07 09:20:47.422 [info] semantic_tokens_full file:///home/axel/Documents/py/test.py 
2025-09-07 09:20:47.875 [info] semantic_tokens_full file:///home/axel/Documents/py/test.py 
2025-09-07 09:20:48.271 [info] semantic_tokens_full file:///home/axel/Documents/py/test.py 
2025-09-07 09:20:52.612 [info] semantic_tokens_full file:///home/axel/Documents/py/test.py 
2025-09-07 09:20:53.110 [info] semantic_tokens_full file:///home/axel/Documents/py/test.py 
2025-09-07 09:20:54.761 [info] semantic_tokens_full file:///home/axel/Documents/py/test.py 
2025-09-07 09:20:55.133 [info] semantic_tokens_full file:///home/axel/Documents/py/test.py 
2025-09-07 09:21:15.848 [info] semantic_tokens_full file:///home/axel/Documents/py/test.py 
2025-09-07 09:21:51.375 [info] semantic_tokens_full file:///home/axel/Documents/py/test.py 
2025-09-07 09:21:52.109 [info] semantic_tokens_full file:///home/axel/Documents/py/test.py 
2025-09-07 09:21:52.413 [info] semantic_tokens_full file:///home/axel/Documents/py/test.py 
2025-09-07 09:22:13.953 [info] WARNING:pygls.protocol.json_rpc:Cancel notification for unknown message id "1316"

2025-09-07 09:22:15.387 [info] semantic_tokens_full file:///home/axel/Documents/py/test.py 
2025-09-07 09:22:15.838 [info] semantic_tokens_full file:///home/axel/Documents/py/test.py 
