2025-09-07 09:30:13.536 [info] Extension host with pid 15442 started
2025-09-07 09:30:13.536 [info] Skipping acquiring lock for /home/axel/.config/Code - OSS/User/workspaceStorage/b142d5ddcedf55f69a9c9998120ab21f.
2025-09-07 09:30:13.618 [info] ExtensionService#_doActivateExtension vscode.emmet, startup: false, activationEvent: 'onLanguage'
2025-09-07 09:30:13.628 [info] ExtensionService#_doActivateExtension ms-python.python, startup: false, activationEvent: 'onLanguage:python', root cause: ms-python.debugpy
2025-09-07 09:30:13.915 [info] ExtensionService#_doActivateExtension ms-python.debugpy, startup: false, activationEvent: 'onLanguage:python'
2025-09-07 09:30:13.942 [error] Activating extension ms-python.debugpy failed due to an error:
2025-09-07 09:30:13.942 [error] Error: Extension 'ms-python.debugpy' CANNOT use API proposal: portsAttributes.
Its package.json#enabledApiProposals-property declares:  but NOT portsAttributes.
 The missing proposal MUST be added and you must start in extension development mode or use the following command line switch: --enable-proposed-api ms-python.debugpy
	at T (file:///usr/lib/code/out/vs/workbench/api/node/extensionHostProcess.js:105:32989)
	at Object.registerPortAttributesProvider (file:///usr/lib/code/out/vs/workbench/api/node/extensionHostProcess.js:196:120877)
	at t.registerDebugger (/home/axel/.vscode-oss/extensions/ms-python.debugpy-2025.10.0-linux-x64/dist/extension.js:2:846623)
	at e.activate (/home/axel/.vscode-oss/extensions/ms-python.debugpy-2025.10.0-linux-x64/dist/extension.js:2:1098154)
	at vy.kb (file:///usr/lib/code/out/vs/workbench/api/node/extensionHostProcess.js:116:15342)
	at vy.jb (file:///usr/lib/code/out/vs/workbench/api/node/extensionHostProcess.js:116:15087)
	at file:///usr/lib/code/out/vs/workbench/api/node/extensionHostProcess.js:116:13245
	at async Lb.n (file:///usr/lib/code/out/vs/workbench/api/node/extensionHostProcess.js:112:13382)
	at async Lb.m (file:///usr/lib/code/out/vs/workbench/api/node/extensionHostProcess.js:112:13345)
	at async Lb.l (file:///usr/lib/code/out/vs/workbench/api/node/extensionHostProcess.js:112:12801)
2025-09-07 09:30:13.954 [info] ExtensionService#_doActivateExtension vscode.terminal-suggest, startup: false, activationEvent: 'onTerminalShellIntegration:*'
2025-09-07 09:30:13.973 [info] ExtensionService#_doActivateExtension vscode.git-base, startup: true, activationEvent: '*', root cause: vscode.git
2025-09-07 09:30:13.975 [info] ExtensionService#_doActivateExtension vscode.git, startup: true, activationEvent: '*'
2025-09-07 09:30:13.998 [info] ExtensionService#_doActivateExtension vscode.github, startup: true, activationEvent: '*'
2025-09-07 09:30:14.049 [info] Eager extensions activated
2025-09-07 09:30:14.050 [info] ExtensionService#_doActivateExtension vscode.debug-auto-launch, startup: false, activationEvent: 'onStartupFinished'
2025-09-07 09:30:14.051 [info] ExtensionService#_doActivateExtension vscode.merge-conflict, startup: false, activationEvent: 'onStartupFinished'
2025-09-07 09:30:14.946 [error] Error: Extension 'ms-python.python' CANNOT use API proposal: testObserver.
Its package.json#enabledApiProposals-property declares:  but NOT testObserver.
 The missing proposal MUST be added and you must start in extension development mode or use the following command line switch: --enable-proposed-api ms-python.python
	at T (file:///usr/lib/code/out/vs/workbench/api/node/extensionHostProcess.js:105:32989)
	at get testResults (file:///usr/lib/code/out/vs/workbench/api/node/extensionHostProcess.js:196:104537)
	at x.activate (/home/axel/.vscode-oss/extensions/ms-python.python-2025.12.0-universal/out/client/extension.js:2:944524)
	at /home/axel/.vscode-oss/extensions/ms-python.python-2025.12.0-universal/out/client/extension.js:2:2457
	at Array.map (<anonymous>)
	at v.activateWorkspace (/home/axel/.vscode-oss/extensions/ms-python.python-2025.12.0-universal/out/client/extension.js:2:2447)
2025-09-07 09:30:59.539 [info] Extension host terminating: renderer closed the MessagePort
2025-09-07 09:30:59.544 [info] Extension host with pid 15442 exiting with code 0
