2025-10-11 05:06:45.195 [info] Starting Python Locator /home/axel/.vscode/extensions/ms-python.python-2025.16.0-linux-x64/python-env-tools/bin/pet server
2025-10-11 05:06:45.304 [info] Discovered env: /bin/python
2025-10-11 05:06:45.358 [info] Discovered env: /usr/bin/python
2025-10-11 05:06:45.373 [info] Env ("/sbin/python") in Path resolved as ResolvedPythonEnv { executable: "/sbin/python", prefix: "/usr", version: "3.13.7.final.0", is64_bit: true, symlinks: Some(["/sbin/python"]) } and reported as Some(GlobalPaths)
2025-10-11 05:06:45.377 [info] Discovered env: /sbin/python
2025-10-11 05:06:45.380 [info] Env ("/usr/sbin/python") in Path resolved as ResolvedPythonEnv { executable: "/usr/sbin/python", prefix: "/usr", version: "3.13.7.final.0", is64_bit: true, symlinks: Some(["/usr/sbin/python"]) } and reported as Some(GlobalPaths)
2025-10-11 05:06:45.380 [info] Discovered env: /usr/sbin/python
2025-10-11 05:06:45.382 [info] Env ("/sbin/python3") in Path resolved as ResolvedPythonEnv { executable: "/sbin/python3", prefix: "/usr", version: "3.13.7.final.0", is64_bit: true, symlinks: Some(["/sbin/python3"]) } and reported as Some(GlobalPaths)
2025-10-11 05:06:45.382 [info] Discovered env: /sbin/python3
2025-10-11 05:06:45.382 [info] Env ("/usr/sbin/python3") in Path resolved as ResolvedPythonEnv { executable: "/usr/sbin/python3", prefix: "/usr", version: "3.13.7.final.0", is64_bit: true, symlinks: Some(["/usr/sbin/python3"]) } and reported as Some(GlobalPaths)
2025-10-11 05:06:45.382 [info] Discovered env: /usr/sbin/python3
2025-10-11 05:06:45.383 [info] Env ("/sbin/python3.13") in Path resolved as ResolvedPythonEnv { executable: "/sbin/python3.13", prefix: "/usr", version: "3.13.7.final.0", is64_bit: true, symlinks: Some(["/sbin/python3.13"]) } and reported as Some(GlobalPaths)
2025-10-11 05:06:45.383 [info] Discovered env: /sbin/python3.13
2025-10-11 05:06:45.383 [info] Resolved Python Environment /bin/python
2025-10-11 05:06:45.409 [info] Env ("/usr/sbin/python3.13") in Path resolved as ResolvedPythonEnv { executable: "/usr/sbin/python3.13", prefix: "/usr", version: "3.13.7.final.0", is64_bit: true, symlinks: Some(["/usr/sbin/python3.13"]) } and reported as Some(GlobalPaths)
2025-10-11 05:06:45.425 [info] Discovered env: /usr/sbin/python3.13
2025-10-11 05:06:45.727 [info] Locator Conda took 104.478043ms
2025-10-11 05:06:45.728 [info] Locator Homebrew took 57.151µs
2025-10-11 05:06:45.728 [info] Locator LinuxGlobal took 109.683176ms
2025-10-11 05:06:45.729 [info] Locator PipEnv took 16.758µs
2025-10-11 05:06:45.729 [info] Locator Pixi took 78.634µs
2025-10-11 05:06:45.729 [info] Locator Poetry took 563.488µs
2025-10-11 05:06:45.729 [info] Locator PyEnv took 396.334µs
2025-10-11 05:06:45.729 [info] Locator Venv took 61.975µs
2025-10-11 05:06:45.729 [info] Locator VirtualEnv took 31.67µs
2025-10-11 05:06:45.729 [info] Locator VirtualEnvWrapper took 12.22µs
2025-10-11 05:06:45.729 [info] Locator GlobalVirtualEnvs took 144.622µs
2025-10-11 05:06:45.729 [info] Locator Locators took 110.231564ms
2025-10-11 05:06:45.729 [info] Locator Path took 178.323737ms
2025-10-11 05:06:45.729 [info] Locator Workspaces took 311.731µs
2025-10-11 05:06:45.729 [info] Refresh completed in 178ms
