2025-10-10 09:36:28.064 [info] Extension host with pid 28297 started
2025-10-10 09:36:28.128 [info] ExtensionService#_doActivateExtension vscode.github-authentication, startup: false, activationEvent: 'onAuthenticationRequest:github'
2025-10-10 09:36:28.141 [info] ExtensionService#_doActivateExtension ms-python.vscode-pylance, startup: false, activationEvent: 'onMcpCollection:pylanceMcp'
2025-10-10 09:36:28.378 [info] ExtensionService#_doActivateExtension vscode.git-base, startup: true, activationEvent: '*', root cause: vscode.git
2025-10-10 09:36:28.379 [info] ExtensionService#_doActivateExtension vscode.git, startup: true, activationEvent: '*'
2025-10-10 09:36:28.401 [info] ExtensionService#_doActivateExtension vscode.github, startup: true, activationEvent: '*'
2025-10-10 09:36:28.457 [info] Eager extensions activated
2025-10-10 09:36:28.457 [info] ExtensionService#_doActivateExtension vscode.debug-auto-launch, startup: false, activationEvent: 'onStartupFinished'
2025-10-10 09:36:28.458 [info] ExtensionService#_doActivateExtension vscode.merge-conflict, startup: false, activationEvent: 'onStartupFinished'
2025-10-10 09:36:28.467 [info] ExtensionService#_doActivateExtension Catppuccin.catppuccin-vsc, startup: false, activationEvent: 'onStartupFinished'
2025-10-10 09:36:28.469 [info] ExtensionService#_doActivateExtension dbaeumer.vscode-eslint, startup: false, activationEvent: 'onStartupFinished'
2025-10-10 09:36:28.486 [info] ExtensionService#_doActivateExtension dsznajder.es7-react-js-snippets, startup: false, activationEvent: 'onStartupFinished'
2025-10-10 09:36:28.679 [info] ExtensionService#_doActivateExtension esbenp.prettier-vscode, startup: false, activationEvent: 'onStartupFinished'
2025-10-10 09:36:28.711 [info] ExtensionService#_doActivateExtension zhuangtongfa.material-theme, startup: false, activationEvent: 'onStartupFinished'
2025-10-10 09:36:30.069 [info] ExtensionService#_doActivateExtension ms-python.python, startup: false, activationEvent: 'onWalkthrough:pythonWelcome'
2025-10-10 09:36:30.310 [info] ExtensionService#_doActivateExtension ms-python.vscode-python-envs, startup: false, activationEvent: 'api', root cause: ms-python.vscode-pylance
2025-10-10 09:36:30.370 [info] ExtensionService#_doActivateExtension vscode.terminal-suggest, startup: false, activationEvent: 'onTerminalShellIntegration:*'
2025-10-10 09:36:31.451 [warning] DiagnosticCollection with name 'pylance' does already exist.
2025-10-10 09:36:32.010 [info] ExtensionService#_doActivateExtension vscode.json-language-features, startup: false, activationEvent: 'onCommand:json.validate'
2025-10-10 09:37:21.220 [info] Extension host terminating: renderer closed the MessagePort
2025-10-10 09:37:21.235 [error] TypeError: Cannot read properties of undefined (reading 'subscriptions')
	at Object.X [as deactivate] (/home/axel/.vscode/extensions/ms-python.vscode-python-envs-1.8.0-linux-x64/dist/extension.js:2:662977)
	at aJ.eb (file:///opt/visual-studio-code/resources/app/out/vs/workbench/api/node/extensionHostProcess.js:116:11836)
	at file:///opt/visual-studio-code/resources/app/out/vs/workbench/api/node/extensionHostProcess.js:116:9986
	at Array.map (<anonymous>)
	at aJ.$ (file:///opt/visual-studio-code/resources/app/out/vs/workbench/api/node/extensionHostProcess.js:116:9974)
	at aJ.terminate (file:///opt/visual-studio-code/resources/app/out/vs/workbench/api/node/extensionHostProcess.js:116:10217)
	at RP.terminate (file:///opt/visual-studio-code/resources/app/out/vs/workbench/api/node/extensionHostProcess.js:118:914)
	at bs (file:///opt/visual-studio-code/resources/app/out/vs/workbench/api/node/extensionHostProcess.js:391:10410)
	at MessagePortMain.<anonymous> (file:///opt/visual-studio-code/resources/app/out/vs/workbench/api/node/extensionHostProcess.js:391:6949)
	at MessagePortMain.emit (node:events:518:28)
	at MessagePortMain._internalPort.emit (node:electron/js2c/utility_init:2:2949)
2025-10-10 09:37:21.236 [info] Extension host with pid 28297 exiting with code 0
