2025-09-07 09:30:14.046 [info] [main] Log level: Info
2025-09-07 09:30:14.046 [info] [main] Validating found git in: "git"
2025-09-07 09:30:14.046 [info] [main] Using git "2.51.0" from "git"
2025-09-07 09:30:14.046 [info] [Model][doInitialScan] Initial repository scan started
2025-09-07 09:30:14.046 [info] > git rev-parse --show-toplevel [2ms]
2025-09-07 09:30:14.046 [info] fatal: not a git repository (or any parent up to mount point /)
Stopping at filesystem boundary (GIT_DISCOVERY_ACROSS_FILESYSTEM not set).
2025-09-07 09:30:14.046 [info] > git rev-parse --show-toplevel [0ms]
2025-09-07 09:30:14.046 [info] fatal: not a git repository (or any parent up to mount point /)
Stopping at filesystem boundary (GIT_DISCOVERY_ACROSS_FILESYSTEM not set).
2025-09-07 09:30:14.046 [info] [Model][doInitialScan] Initial repository scan completed - repositories (0), closed repositories (0), parent repositories (0), unsafe repositories (0)
2025-09-07 09:30:14.071 [info] > git rev-parse --show-toplevel [1ms]
2025-09-07 09:30:14.071 [info] fatal: not a git repository (or any parent up to mount point /)
Stopping at filesystem boundary (GIT_DISCOVERY_ACROSS_FILESYSTEM not set).
2025-09-07 09:30:14.090 [info] > git rev-parse --show-toplevel [1ms]
2025-09-07 09:30:14.090 [info] fatal: not a git repository (or any parent up to mount point /)
Stopping at filesystem boundary (GIT_DISCOVERY_ACROSS_FILESYSTEM not set).
2025-09-07 09:30:15.201 [info] > git rev-parse --show-toplevel [2ms]
2025-09-07 09:30:15.202 [info] fatal: not a git repository (or any parent up to mount point /)
Stopping at filesystem boundary (GIT_DISCOVERY_ACROSS_FILESYSTEM not set).
2025-09-07 09:30:15.833 [info] > git rev-parse --show-toplevel [0ms]
2025-09-07 09:30:15.833 [info] fatal: not a git repository (or any parent up to mount point /)
Stopping at filesystem boundary (GIT_DISCOVERY_ACROSS_FILESYSTEM not set).
