2025-09-07 09:06:27.285 [info] [main] Log level: Info
2025-09-07 09:06:27.285 [info] [main] Validating found git in: "git"
2025-09-07 09:06:27.285 [info] [main] Using git "2.51.0" from "git"
2025-09-07 09:06:27.285 [info] [Model][doInitialScan] Initial repository scan started
2025-09-07 09:06:27.285 [info] [Model][doInitialScan] Initial repository scan completed - repositories (0), closed repositories (0), parent repositories (0), unsafe repositories (0)
2025-09-07 09:09:07.002 [info] [main] Log level: Info
2025-09-07 09:09:07.002 [info] [main] Validating found git in: "git"
2025-09-07 09:09:07.002 [info] [main] Using git "2.51.0" from "git"
2025-09-07 09:09:07.002 [info] [Model][doInitialScan] Initial repository scan started
2025-09-07 09:09:07.007 [info] > git rev-parse --show-toplevel [7ms]
2025-09-07 09:09:07.007 [info] fatal: not a git repository (or any parent up to mount point /)
Stopping at filesystem boundary (GIT_DISCOVERY_ACROSS_FILESYSTEM not set).
2025-09-07 09:09:07.007 [info] [Model][doInitialScan] Initial repository scan completed - repositories (0), closed repositories (0), parent repositories (0), unsafe repositories (0)
2025-09-07 09:09:16.045 [info] > git rev-parse --show-toplevel [0ms]
2025-09-07 09:09:16.045 [info] fatal: not a git repository (or any parent up to mount point /)
Stopping at filesystem boundary (GIT_DISCOVERY_ACROSS_FILESYSTEM not set).
2025-09-07 09:09:53.055 [info] > git rev-parse --show-toplevel [1ms]
2025-09-07 09:09:53.055 [info] fatal: not a git repository (or any parent up to mount point /)
Stopping at filesystem boundary (GIT_DISCOVERY_ACROSS_FILESYSTEM not set).
2025-09-07 09:10:00.148 [info] > git rev-parse --show-toplevel [1ms]
2025-09-07 09:10:00.148 [info] fatal: not a git repository (or any parent up to mount point /)
Stopping at filesystem boundary (GIT_DISCOVERY_ACROSS_FILESYSTEM not set).
2025-09-07 09:11:59.466 [info] > git rev-parse --show-toplevel [1ms]
2025-09-07 09:11:59.466 [info] fatal: not a git repository (or any parent up to mount point /)
Stopping at filesystem boundary (GIT_DISCOVERY_ACROSS_FILESYSTEM not set).
2025-09-07 09:11:59.882 [info] > git rev-parse --show-toplevel [1ms]
2025-09-07 09:11:59.882 [info] fatal: not a git repository (or any parent up to mount point /)
Stopping at filesystem boundary (GIT_DISCOVERY_ACROSS_FILESYSTEM not set).
