2025-09-13 23:36:51.326 [info] [main] Log level: Info
2025-09-13 23:36:51.326 [info] [main] Validating found git in: "git"
2025-09-13 23:36:51.326 [info] [main] Using git "2.51.0" from "git"
2025-09-13 23:36:51.326 [info] [Model][doInitialScan] Initial repository scan started
2025-09-13 23:36:51.326 [info] > git rev-parse --show-toplevel [2ms]
2025-09-13 23:36:51.326 [info] fatal: not a git repository (or any parent up to mount point /)
Stopping at filesystem boundary (GIT_DISCOVERY_ACROSS_FILESYSTEM not set).
2025-09-13 23:36:51.326 [info] > git rev-parse --show-toplevel [0ms]
2025-09-13 23:36:51.326 [info] fatal: not a git repository (or any parent up to mount point /)
Stopping at filesystem boundary (GIT_DISCOVERY_ACROSS_FILESYSTEM not set).
2025-09-13 23:36:51.326 [info] [Model][doInitialScan] Initial repository scan completed - repositories (0), closed repositories (0), parent repositories (0), unsafe repositories (0)
2025-09-13 23:36:51.386 [info] > git rev-parse --show-toplevel [1ms]
2025-09-13 23:36:51.386 [info] fatal: not a git repository (or any parent up to mount point /)
Stopping at filesystem boundary (GIT_DISCOVERY_ACROSS_FILESYSTEM not set).
2025-09-13 23:36:52.255 [info] > git rev-parse --show-toplevel [1ms]
2025-09-13 23:36:52.255 [info] fatal: not a git repository (or any parent up to mount point /)
Stopping at filesystem boundary (GIT_DISCOVERY_ACROSS_FILESYSTEM not set).
2025-09-13 23:36:52.910 [info] > git rev-parse --show-toplevel [1ms]
2025-09-13 23:36:52.910 [info] fatal: not a git repository (or any parent up to mount point /)
Stopping at filesystem boundary (GIT_DISCOVERY_ACROSS_FILESYSTEM not set).
2025-09-13 23:36:52.948 [info] > git rev-parse --show-toplevel [2ms]
2025-09-13 23:36:52.948 [info] fatal: not a git repository (or any parent up to mount point /)
Stopping at filesystem boundary (GIT_DISCOVERY_ACROSS_FILESYSTEM not set).
