2025-09-07 09:49:41.139 [info] Starting Python Locator /home/axel/.vscode/extensions/ms-python.python-2025.12.0-linux-x64/python-env-tools/bin/pet server
2025-09-07 09:49:41.235 [info] Discovered env: /bin/python
2025-09-07 09:49:41.240 [info] Discovered env: /usr/bin/python
2025-09-07 09:49:41.243 [info] Env ("/usr/sbin/python") in Path resolved as ResolvedPythonEnv { executable: "/usr/sbin/python", prefix: "/usr", version: "3.13.7.final.0", is64_bit: true, symlinks: Some(["/usr/sbin/python"]) } and reported as Some(GlobalPaths)
2025-09-07 09:49:41.243 [info] Discovered env: /usr/sbin/python
2025-09-07 09:49:41.250 [info] Env ("/sbin/python") in Path resolved as ResolvedPythonEnv { executable: "/sbin/python", prefix: "/usr", version: "3.13.7.final.0", is64_bit: true, symlinks: Some(["/sbin/python"]) } and reported as Some(GlobalPaths)
2025-09-07 09:49:41.250 [info] Discovered env: /sbin/python
2025-09-07 09:49:41.284 [info] Env ("/sbin/python3") in Path resolved as ResolvedPythonEnv { executable: "/sbin/python3", prefix: "/usr", version: "3.13.7.final.0", is64_bit: true, symlinks: Some(["/sbin/python3"]) } and reported as Some(GlobalPaths)
2025-09-07 09:49:41.284 [info] Discovered env: /sbin/python3
2025-09-07 09:49:41.285 [info] Env ("/usr/sbin/python3") in Path resolved as ResolvedPythonEnv { executable: "/usr/sbin/python3", prefix: "/usr", version: "3.13.7.final.0", is64_bit: true, symlinks: Some(["/usr/sbin/python3"]) } and reported as Some(GlobalPaths)
2025-09-07 09:49:41.285 [info] Discovered env: /usr/sbin/python3
2025-09-07 09:49:41.320 [info] Env ("/sbin/python3.13") in Path resolved as ResolvedPythonEnv { executable: "/sbin/python3.13", prefix: "/usr", version: "3.13.7.final.0", is64_bit: true, symlinks: Some(["/sbin/python3.13"]) } and reported as Some(GlobalPaths)
2025-09-07 09:49:41.320 [info] Discovered env: /sbin/python3.13
2025-09-07 09:49:41.320 [info] Env ("/usr/sbin/python3.13") in Path resolved as ResolvedPythonEnv { executable: "/usr/sbin/python3.13", prefix: "/usr", version: "3.13.7.final.0", is64_bit: true, symlinks: Some(["/usr/sbin/python3.13"]) } and reported as Some(GlobalPaths)
2025-09-07 09:49:41.321 [info] Discovered env: /usr/sbin/python3.13
2025-09-07 09:49:41.321 [info] Locator Conda took 66.315045ms
2025-09-07 09:49:41.321 [info] Locator Homebrew took 61.33µs
2025-09-07 09:49:41.321 [info] Locator LinuxGlobal took 100.825756ms
2025-09-07 09:49:41.321 [info] Locator PipEnv took 11.951µs
2025-09-07 09:49:41.321 [info] Locator Pixi took 117.901µs
2025-09-07 09:49:41.321 [info] Locator Poetry took 91.163µs
2025-09-07 09:49:41.321 [info] Locator PyEnv took 154.604µs
2025-09-07 09:49:41.321 [info] Locator Venv took 25.048µs
2025-09-07 09:49:41.321 [info] Locator VirtualEnv took 16.181µs
2025-09-07 09:49:41.321 [info] Locator VirtualEnvWrapper took 9.879µs
2025-09-07 09:49:41.321 [info] Locator GlobalVirtualEnvs took 31.061µs
2025-09-07 09:49:41.321 [info] Locator Locators took 101.460424ms
2025-09-07 09:49:41.321 [info] Locator Path took 182.14804ms
2025-09-07 09:49:41.321 [info] Locator Workspaces took 5.321µs
2025-09-07 09:49:41.321 [info] Refresh completed in 182ms
2025-09-07 09:49:41.335 [info] Resolved Python Environment /bin/python
2025-09-07 09:54:39.006 [info] Starting Python Locator /home/axel/.vscode/extensions/ms-python.python-2025.12.0-linux-x64/python-env-tools/bin/pet server
2025-09-07 09:54:39.077 [info] Discovered env: /bin/python
2025-09-07 09:54:39.086 [info] Discovered env: /usr/bin/python
2025-09-07 09:54:39.108 [info] Resolved Python Environment /bin/python
2025-09-07 09:54:39.109 [info] Env ("/usr/sbin/python") in Path resolved as ResolvedPythonEnv { executable: "/usr/sbin/python", prefix: "/usr", version: "3.13.7.final.0", is64_bit: true, symlinks: Some(["/usr/sbin/python"]) } and reported as Some(GlobalPaths)
2025-09-07 09:54:39.109 [info] Discovered env: /usr/sbin/python
2025-09-07 09:54:39.110 [info] Env ("/sbin/python") in Path resolved as ResolvedPythonEnv { executable: "/sbin/python", prefix: "/usr", version: "3.13.7.final.0", is64_bit: true, symlinks: Some(["/sbin/python"]) } and reported as Some(GlobalPaths)
2025-09-07 09:54:39.110 [info] Discovered env: /sbin/python
2025-09-07 09:54:39.131 [info] Env ("/sbin/python3") in Path resolved as ResolvedPythonEnv { executable: "/sbin/python3", prefix: "/usr", version: "3.13.7.final.0", is64_bit: true, symlinks: Some(["/sbin/python3"]) } and reported as Some(GlobalPaths)
2025-09-07 09:54:39.131 [info] Discovered env: /sbin/python3
2025-09-07 09:54:39.132 [info] Env ("/usr/sbin/python3") in Path resolved as ResolvedPythonEnv { executable: "/usr/sbin/python3", prefix: "/usr", version: "3.13.7.final.0", is64_bit: true, symlinks: Some(["/usr/sbin/python3"]) } and reported as Some(GlobalPaths)
2025-09-07 09:54:39.132 [info] Discovered env: /usr/sbin/python3
2025-09-07 09:54:39.145 [info] Env ("/sbin/python3.13") in Path resolved as ResolvedPythonEnv { executable: "/sbin/python3.13", prefix: "/usr", version: "3.13.7.final.0", is64_bit: true, symlinks: Some(["/sbin/python3.13"]) } and reported as Some(GlobalPaths)
2025-09-07 09:54:39.145 [info] Discovered env: /sbin/python3.13
2025-09-07 09:54:39.147 [info] Env ("/usr/sbin/python3.13") in Path resolved as ResolvedPythonEnv { executable: "/usr/sbin/python3.13", prefix: "/usr", version: "3.13.7.final.0", is64_bit: true, symlinks: Some(["/usr/sbin/python3.13"]) } and reported as Some(GlobalPaths)
2025-09-07 09:54:39.147 [info] Discovered env: /usr/sbin/python3.13
2025-09-07 09:54:39.147 [info] Locator Conda took 105.022851ms
2025-09-07 09:54:39.147 [info] Locator Homebrew took 78.251µs
2025-09-07 09:54:39.147 [info] Locator LinuxGlobal took 116.500409ms
2025-09-07 09:54:39.147 [info] Locator PipEnv took 66.324µs
2025-09-07 09:54:39.147 [info] Locator Pixi took 53.737µs
2025-09-07 09:54:39.147 [info] Locator Poetry took 453.323µs
2025-09-07 09:54:39.147 [info] Locator PyEnv took 384.052µs
2025-09-07 09:54:39.147 [info] Locator Venv took 25.382µs
2025-09-07 09:54:39.147 [info] Locator VirtualEnv took 60.567µs
2025-09-07 09:54:39.147 [info] Locator VirtualEnvWrapper took 40.629µs
2025-09-07 09:54:39.147 [info] Locator GlobalVirtualEnvs took 279.278µs
2025-09-07 09:54:39.147 [info] Locator Locators took 117.085648ms
2025-09-07 09:54:39.147 [info] Locator Path took 178.231783ms
2025-09-07 09:54:39.147 [info] Locator Workspaces took 506.133µs
2025-09-07 09:54:39.147 [info] Refresh completed in 178ms
2025-09-07 09:54:39.165 [info] Resolved Python Environment /usr/bin/python
