2025-09-30 04:43:54.481 [info] Deleted marked for removal extension from disk ms-python.vscode-python-envs /home/axel/.vscode/extensions/ms-python.vscode-python-envs-1.2.0-linux-x64
2025-09-30 04:43:54.505 [info] Deleted marked for removal extension from disk ms-python.python /home/axel/.vscode/extensions/ms-python.python-2025.12.0-linux-x64
2025-09-30 04:43:58.090 [info] Getting Manifest... ms-python.vscode-pylance
2025-09-30 04:43:58.092 [info] Getting Manifest... ms-python.vscode-python-envs
2025-09-30 04:43:58.199 [info] Installing extension: ms-python.vscode-pylance {"productVersion":{"version":"1.104.0","date":"2025-09-10T06:46:18.035Z"},"pinned":false,"operation":3,"isApplicationScoped":false,"profileLocation":{"$mid":1,"external":"vscode-userdata:/home/axel/.vscode/extensions/extensions.json","path":"/home/axel/.vscode/extensions/extensions.json","scheme":"vscode-userdata"}}
2025-09-30 04:43:58.202 [info] Installing extension: ms-python.vscode-python-envs {"productVersion":{"version":"1.104.0","date":"2025-09-10T06:46:18.035Z"},"pinned":false,"operation":3,"isApplicationScoped":false,"profileLocation":{"$mid":1,"external":"vscode-userdata:/home/axel/.vscode/extensions/extensions.json","path":"/home/axel/.vscode/extensions/extensions.json","scheme":"vscode-userdata"}}
2025-09-30 04:43:59.378 [info] Extension signature verification result for ms-python.vscode-python-envs: Success. Internal Code: 0. Executed: true. Duration: 593ms.
2025-09-30 04:43:59.455 [info] Extracted extension to file:///home/axel/.vscode/extensions/ms-python.vscode-python-envs-1.8.0-linux-x64: ms-python.vscode-python-envs
2025-09-30 04:43:59.457 [info] Renamed to /home/axel/.vscode/extensions/ms-python.vscode-python-envs-1.8.0-linux-x64
2025-09-30 04:43:59.463 [info] Marked extension as removed ms-python.vscode-python-envs-1.6.0-linux-x64
2025-09-30 04:43:59.466 [info] Extension installed successfully: ms-python.vscode-python-envs vscode-userdata:/home/axel/.vscode/extensions/extensions.json
2025-09-30 04:43:59.481 [info] Extension signature verification result for ms-python.vscode-pylance: Success. Internal Code: 0. Executed: true. Duration: 493ms.
2025-09-30 04:44:00.813 [info] Extracted extension to file:///home/axel/.vscode/extensions/ms-python.vscode-pylance-2025.8.3: ms-python.vscode-pylance
2025-09-30 04:44:00.888 [info] Renamed to /home/axel/.vscode/extensions/ms-python.vscode-pylance-2025.8.3
2025-09-30 04:44:00.896 [info] Marked extension as removed ms-python.vscode-pylance-2025.7.1
2025-09-30 04:44:00.898 [info] Extension installed successfully: ms-python.vscode-pylance vscode-userdata:/home/axel/.vscode/extensions/extensions.json
2025-09-30 04:44:11.034 [info] Getting Manifest... zhuangtongfa.material-theme
2025-09-30 04:44:11.137 [info] Installing extension: zhuangtongfa.material-theme {"isMachineScoped":false,"installPreReleaseVersion":false,"pinned":false,"profileLocation":{"$mid":1,"external":"vscode-userdata:/home/axel/.vscode/extensions/extensions.json","path":"/home/axel/.vscode/extensions/extensions.json","scheme":"vscode-userdata"},"isApplicationScoped":false,"productVersion":{"version":"1.104.0","date":"2025-09-10T06:46:18.035Z"}}
2025-09-30 04:44:11.824 [info] Extension signature verification result for zhuangtongfa.material-theme: Success. Internal Code: 0. Executed: true. Duration: 307ms.
2025-09-30 04:44:11.851 [info] Extracted extension to file:///home/axel/.vscode/extensions/zhuangtongfa.material-theme-3.19.0: zhuangtongfa.material-theme
2025-09-30 04:44:11.856 [info] Renamed to /home/axel/.vscode/extensions/zhuangtongfa.material-theme-3.19.0
2025-09-30 04:44:11.877 [info] Extension installed successfully: zhuangtongfa.material-theme vscode-userdata:/home/axel/.vscode/extensions/extensions.json
2025-09-30 04:45:00.848 [info] Getting Manifest... catppuccin.catppuccin-vsc
2025-09-30 04:45:00.934 [info] Installing extension: catppuccin.catppuccin-vsc {"isMachineScoped":false,"installPreReleaseVersion":false,"pinned":false,"profileLocation":{"$mid":1,"external":"vscode-userdata:/home/axel/.vscode/extensions/extensions.json","path":"/home/axel/.vscode/extensions/extensions.json","scheme":"vscode-userdata"},"isApplicationScoped":false,"productVersion":{"version":"1.104.0","date":"2025-09-10T06:46:18.035Z"}}
2025-09-30 04:45:01.544 [info] Extension signature verification result for catppuccin.catppuccin-vsc: Success. Internal Code: 0. Executed: true. Duration: 310ms.
2025-09-30 04:45:01.548 [info] Extracted extension to file:///home/axel/.vscode/extensions/catppuccin.catppuccin-vsc-3.18.0: catppuccin.catppuccin-vsc
2025-09-30 04:45:01.549 [info] Renamed to /home/axel/.vscode/extensions/catppuccin.catppuccin-vsc-3.18.0
2025-09-30 04:45:01.557 [info] Extension installed successfully: catppuccin.catppuccin-vsc vscode-userdata:/home/axel/.vscode/extensions/extensions.json
