2025-10-10 09:24:43.345 [info] Starting Python Locator /home/axel/.vscode/extensions/ms-python.python-2025.14.0-linux-x64/python-env-tools/bin/pet server
2025-10-10 09:24:43.413 [info] Discovered env: /bin/python
2025-10-10 09:24:43.414 [info] Discovered env: /usr/bin/python
2025-10-10 09:24:43.414 [info] Env ("/usr/sbin/python") in Path resolved as ResolvedPythonEnv { executable: "/usr/sbin/python", prefix: "/usr", version: "3.13.7.final.0", is64_bit: true, symlinks: Some(["/usr/sbin/python"]) } and reported as Some(GlobalPaths)
2025-10-10 09:24:43.414 [info] Discovered env: /usr/sbin/python
2025-10-10 09:24:43.490 [info] Env ("/sbin/python") in Path resolved as ResolvedPythonEnv { executable: "/sbin/python", prefix: "/usr", version: "3.13.7.final.0", is64_bit: true, symlinks: Some(["/sbin/python"]) } and reported as Some(GlobalPaths)
2025-10-10 09:24:43.512 [info] Discovered env: /sbin/python
2025-10-10 09:24:43.522 [info] Env ("/usr/sbin/python3") in Path resolved as ResolvedPythonEnv { executable: "/usr/sbin/python3", prefix: "/usr", version: "3.13.7.final.0", is64_bit: true, symlinks: Some(["/usr/sbin/python3"]) } and reported as Some(GlobalPaths)
2025-10-10 09:24:43.522 [info] Discovered env: /usr/sbin/python3
2025-10-10 09:24:43.524 [info] Env ("/sbin/python3") in Path resolved as ResolvedPythonEnv { executable: "/sbin/python3", prefix: "/usr", version: "3.13.7.final.0", is64_bit: true, symlinks: Some(["/sbin/python3"]) } and reported as Some(GlobalPaths)
2025-10-10 09:24:43.524 [info] Discovered env: /sbin/python3
2025-10-10 09:24:43.524 [info] Resolved Python Environment /usr/bin/python
2025-10-10 09:24:43.525 [info] Env ("/usr/sbin/python3.13") in Path resolved as ResolvedPythonEnv { executable: "/usr/sbin/python3.13", prefix: "/usr", version: "3.13.7.final.0", is64_bit: true, symlinks: Some(["/usr/sbin/python3.13"]) } and reported as Some(GlobalPaths)
2025-10-10 09:24:43.525 [info] Discovered env: /usr/sbin/python3.13
2025-10-10 09:24:43.526 [info] Env ("/sbin/python3.13") in Path resolved as ResolvedPythonEnv { executable: "/sbin/python3.13", prefix: "/usr", version: "3.13.7.final.0", is64_bit: true, symlinks: Some(["/sbin/python3.13"]) } and reported as Some(GlobalPaths)
2025-10-10 09:24:43.526 [info] Discovered env: /sbin/python3.13
2025-10-10 09:24:43.526 [info] Locator Conda took 103.48273ms
2025-10-10 09:24:43.526 [info] Locator Homebrew took 33.877µs
2025-10-10 09:24:43.526 [info] Locator LinuxGlobal took 103.151426ms
2025-10-10 09:24:43.526 [info] Locator PipEnv took 66.864µs
2025-10-10 09:24:43.526 [info] Locator Pixi took 21.497µs
2025-10-10 09:24:43.526 [info] Locator Poetry took 521.037µs
2025-10-10 09:24:43.526 [info] Locator PyEnv took 369.555µs
2025-10-10 09:24:43.526 [info] Locator Venv took 33.429µs
2025-10-10 09:24:43.526 [info] Locator VirtualEnv took 62.865µs
2025-10-10 09:24:43.526 [info] Locator VirtualEnvWrapper took 29.243µs
2025-10-10 09:24:43.526 [info] Locator GlobalVirtualEnvs took 181.034µs
2025-10-10 09:24:43.526 [info] Locator Locators took 103.657503ms
2025-10-10 09:24:43.526 [info] Locator Path took 168.732686ms
2025-10-10 09:24:43.526 [info] Locator Workspaces took 278.615µs
2025-10-10 09:24:43.526 [info] Refresh completed in 169ms
2025-10-10 09:24:43.527 [info] Resolved Python Environment /bin/python
2025-10-10 09:27:57.087 [info] Resolved Python Environment /bin/python
