2025-09-30 04:43:55.346 [info] Native locator: Refresh started
2025-09-30 04:43:55.419 [info] Native locator: Refresh started
2025-09-30 04:43:55.426 [info] > pyenv which python
2025-09-30 04:43:55.426 [info] cwd: .
2025-09-30 04:43:55.527 [info] Python interpreter path: /usr/bin/python
2025-09-30 04:43:55.910 [info] Native locator: Refresh finished in 597 ms
2025-09-30 04:43:56.133 [info] Starting Pylance language server.
2025-09-30 04:44:03.898 [info] Native locator: Refresh started
2025-09-30 04:44:03.937 [info] Native locator: Refresh started
2025-09-30 04:44:03.952 [info] > pyenv which python
2025-09-30 04:44:03.952 [info] cwd: .
2025-09-30 04:44:04.077 [info] Python interpreter path: /usr/bin/python
2025-09-30 04:44:04.409 [info] Native locator: Refresh finished in 533 ms
2025-09-30 04:44:04.686 [info] Starting Pylance language server.
2025-09-30 04:44:13.526 [info] Discover tests for workspace name: undefined - uri: /home/axel/.config/Code/User/settings.json
2025-09-30 04:45:03.396 [info] Discover tests for workspace name: undefined - uri: /home/axel/.config/Code/User/settings.json
2025-09-30 04:47:35.512 [info] Discover tests for workspace name: undefined - uri: /home/axel/.config/Code/User/settings.json
2025-09-30 05:12:26.477 [info] CreateEnv Trigger - Skipping for /home/axel/Documents/py/test.py
2025-09-30 05:12:26.705 [info] Discover tests for workspace name: py - uri: /home/axel/Documents/py/test.py
2025-09-30 05:12:26.752 [info] Send text to terminal: /usr/bin/python /home/axel/Documents/py/test.py
