2025-09-30 04:43:54.778 [info] Extension host with pid 45042 started
2025-09-30 04:43:54.779 [info] Skipping acquiring lock for /home/axel/.config/Code/User/workspaceStorage/b142d5ddcedf55f69a9c9998120ab21f.
2025-09-30 04:43:54.911 [info] ExtensionService#_doActivateExtension vscode.github-authentication, startup: false, activationEvent: 'onAuthenticationRequest:github'
2025-09-30 04:43:54.926 [info] ExtensionService#_doActivateExtension vscode.emmet, startup: false, activationEvent: 'onLanguage'
2025-09-30 04:43:54.935 [info] ExtensionService#_doActivateExtension ms-python.python, startup: false, activationEvent: 'onLanguage:python', root cause: ms-python.debugpy
2025-09-30 04:43:55.031 [info] ExtensionService#_doActivateExtension ms-python.vscode-pylance, startup: false, activationEvent: 'onLanguage:python'
2025-09-30 04:43:55.259 [info] ExtensionService#_doActivateExtension ms-python.vscode-python-envs, startup: false, activationEvent: 'onLanguage:python'
2025-09-30 04:43:55.426 [info] ExtensionService#_doActivateExtension ms-python.debugpy, startup: false, activationEvent: 'onLanguage:python'
2025-09-30 04:43:55.465 [info] ExtensionService#_doActivateExtension vscode.git-base, startup: true, activationEvent: '*', root cause: vscode.git
2025-09-30 04:43:55.468 [info] ExtensionService#_doActivateExtension vscode.git, startup: true, activationEvent: '*'
2025-09-30 04:43:55.492 [info] ExtensionService#_doActivateExtension vscode.github, startup: true, activationEvent: '*'
2025-09-30 04:43:55.564 [info] Eager extensions activated
2025-09-30 04:43:55.567 [info] ExtensionService#_doActivateExtension vscode.debug-auto-launch, startup: false, activationEvent: 'onStartupFinished'
2025-09-30 04:43:55.569 [info] ExtensionService#_doActivateExtension vscode.merge-conflict, startup: false, activationEvent: 'onStartupFinished'
2025-09-30 04:43:55.579 [info] ExtensionService#_doActivateExtension dbaeumer.vscode-eslint, startup: false, activationEvent: 'onStartupFinished'
2025-09-30 04:43:55.599 [info] ExtensionService#_doActivateExtension dsznajder.es7-react-js-snippets, startup: false, activationEvent: 'onStartupFinished'
2025-09-30 04:43:55.811 [info] ExtensionService#_doActivateExtension esbenp.prettier-vscode, startup: false, activationEvent: 'onStartupFinished'
2025-09-30 04:43:55.878 [info] ExtensionService#_doActivateExtension vscode.terminal-suggest, startup: false, activationEvent: 'onTerminalShellIntegration:*'
2025-09-30 04:44:03.172 [info] Extension host terminating: renderer closed the MessagePort
2025-09-30 04:44:03.203 [error] TypeError: Cannot read properties of undefined (reading 'subscriptions')
	at Object.G [as deactivate] (/home/axel/.vscode/extensions/ms-python.vscode-python-envs-1.6.0-linux-x64/dist/extension.js:2:642434)
	at aJ.eb (file:///opt/visual-studio-code/resources/app/out/vs/workbench/api/node/extensionHostProcess.js:116:11836)
	at file:///opt/visual-studio-code/resources/app/out/vs/workbench/api/node/extensionHostProcess.js:116:9986
	at Array.map (<anonymous>)
	at aJ.$ (file:///opt/visual-studio-code/resources/app/out/vs/workbench/api/node/extensionHostProcess.js:116:9974)
	at aJ.terminate (file:///opt/visual-studio-code/resources/app/out/vs/workbench/api/node/extensionHostProcess.js:116:10217)
	at RP.terminate (file:///opt/visual-studio-code/resources/app/out/vs/workbench/api/node/extensionHostProcess.js:118:914)
	at bs (file:///opt/visual-studio-code/resources/app/out/vs/workbench/api/node/extensionHostProcess.js:391:10410)
	at MessagePortMain.<anonymous> (file:///opt/visual-studio-code/resources/app/out/vs/workbench/api/node/extensionHostProcess.js:391:6949)
	at MessagePortMain.emit (node:events:518:28)
	at MessagePortMain._internalPort.emit (node:electron/js2c/utility_init:2:2949)
2025-09-30 04:44:03.204 [info] Extension host with pid 45042 exiting with code 0
2025-09-30 04:44:03.469 [info] Extension host with pid 45579 started
2025-09-30 04:44:03.469 [info] Skipping acquiring lock for /home/axel/.config/Code/User/workspaceStorage/b142d5ddcedf55f69a9c9998120ab21f.
2025-09-30 04:44:03.474 [info] ExtensionService#_doActivateExtension vscode.terminal-suggest, startup: false, activationEvent: 'onTerminalShellIntegration:*'
2025-09-30 04:44:03.503 [info] ExtensionService#_doActivateExtension vscode.github-authentication, startup: false, activationEvent: 'onAuthenticationRequest:github'
2025-09-30 04:44:03.514 [info] ExtensionService#_doActivateExtension vscode.emmet, startup: false, activationEvent: 'onLanguage'
2025-09-30 04:44:03.522 [info] ExtensionService#_doActivateExtension ms-python.python, startup: false, activationEvent: 'onLanguage:python', root cause: ms-python.debugpy
2025-09-30 04:44:03.608 [info] ExtensionService#_doActivateExtension ms-python.vscode-pylance, startup: false, activationEvent: 'onLanguage:python'
2025-09-30 04:44:03.824 [info] ExtensionService#_doActivateExtension ms-python.vscode-python-envs, startup: false, activationEvent: 'onLanguage:python'
2025-09-30 04:44:03.958 [info] ExtensionService#_doActivateExtension ms-python.debugpy, startup: false, activationEvent: 'onLanguage:python'
2025-09-30 04:44:04.013 [info] ExtensionService#_doActivateExtension vscode.git-base, startup: true, activationEvent: '*', root cause: vscode.git
2025-09-30 04:44:04.016 [info] ExtensionService#_doActivateExtension vscode.git, startup: true, activationEvent: '*'
2025-09-30 04:44:04.040 [info] ExtensionService#_doActivateExtension vscode.github, startup: true, activationEvent: '*'
2025-09-30 04:44:04.123 [info] Eager extensions activated
2025-09-30 04:44:04.124 [info] ExtensionService#_doActivateExtension vscode.debug-auto-launch, startup: false, activationEvent: 'onStartupFinished'
2025-09-30 04:44:04.125 [info] ExtensionService#_doActivateExtension vscode.merge-conflict, startup: false, activationEvent: 'onStartupFinished'
2025-09-30 04:44:04.134 [info] ExtensionService#_doActivateExtension dbaeumer.vscode-eslint, startup: false, activationEvent: 'onStartupFinished'
2025-09-30 04:44:04.151 [info] ExtensionService#_doActivateExtension dsznajder.es7-react-js-snippets, startup: false, activationEvent: 'onStartupFinished'
2025-09-30 04:44:04.344 [info] ExtensionService#_doActivateExtension esbenp.prettier-vscode, startup: false, activationEvent: 'onStartupFinished'
2025-09-30 04:44:04.724 [warning] DiagnosticCollection with name 'pylance' does already exist.
2025-09-30 04:44:04.783 [warning] DiagnosticCollection with name 'pylance' does already exist.
2025-09-30 04:44:04.784 [warning] DiagnosticCollection with name 'pylance' does already exist.
2025-09-30 04:44:05.244 [info] ExtensionService#_doActivateExtension vscode.json-language-features, startup: false, activationEvent: 'onCommand:json.validate'
2025-09-30 04:44:11.928 [info] ExtensionService#_doActivateExtension zhuangtongfa.material-theme, startup: false, activationEvent: 'onStartupFinished'
2025-09-30 04:44:13.246 [info] ExtensionService#_doActivateExtension vscode.configuration-editing, startup: false, activationEvent: 'onLanguage:jsonc'
2025-09-30 04:44:13.250 [info] ExtensionService#_doActivateExtension vscode.typescript-language-features, startup: false, activationEvent: 'onLanguage:jsonc'
2025-09-30 04:44:13.313 [warning] DiagnosticCollection with name 'eslint' does already exist.
2025-09-30 04:45:01.615 [info] ExtensionService#_doActivateExtension Catppuccin.catppuccin-vsc, startup: false, activationEvent: 'onStartupFinished'
2025-09-30 04:49:06.992 [error] TypeError: terminated
	at Fetch.onAborted (node:internal/deps/undici/undici:11132:53)
	at Fetch.emit (node:events:518:28)
	at Fetch.terminate (node:internal/deps/undici/undici:10290:14)
	at Object.onError (node:internal/deps/undici/undici:11253:38)
	at Request.onError (/opt/visual-studio-code/resources/app/node_modules/undici/lib/core/request.js:301:27)
	at Object.errorRequest (/opt/visual-studio-code/resources/app/node_modules/undici/lib/core/util.js:836:13)
	at Socket.onHttpSocketClose (/opt/visual-studio-code/resources/app/node_modules/undici/lib/dispatcher/client-h1.js:939:10)
	at Socket.emit (node:events:530:35)
	at TCP.<anonymous> (node:net:346:12)
2025-09-30 04:54:08.749 [error] TypeError: terminated
	at Fetch.onAborted (node:internal/deps/undici/undici:11132:53)
	at Fetch.emit (node:events:518:28)
	at Fetch.terminate (node:internal/deps/undici/undici:10290:14)
	at Object.onError (node:internal/deps/undici/undici:11253:38)
	at Request.onError (/opt/visual-studio-code/resources/app/node_modules/undici/lib/core/request.js:301:27)
	at Object.errorRequest (/opt/visual-studio-code/resources/app/node_modules/undici/lib/core/util.js:836:13)
	at Socket.onHttpSocketClose (/opt/visual-studio-code/resources/app/node_modules/undici/lib/dispatcher/client-h1.js:939:10)
	at Socket.emit (node:events:530:35)
	at TCP.<anonymous> (node:net:346:12)
2025-09-30 04:59:10.557 [error] TypeError: terminated
	at Fetch.onAborted (node:internal/deps/undici/undici:11132:53)
	at Fetch.emit (node:events:518:28)
	at Fetch.terminate (node:internal/deps/undici/undici:10290:14)
	at Object.onError (node:internal/deps/undici/undici:11253:38)
	at Request.onError (/opt/visual-studio-code/resources/app/node_modules/undici/lib/core/request.js:301:27)
	at Object.errorRequest (/opt/visual-studio-code/resources/app/node_modules/undici/lib/core/util.js:836:13)
	at Socket.onHttpSocketClose (/opt/visual-studio-code/resources/app/node_modules/undici/lib/dispatcher/client-h1.js:939:10)
	at Socket.emit (node:events:530:35)
	at TCP.<anonymous> (node:net:346:12)
2025-09-30 05:04:12.353 [error] TypeError: terminated
	at Fetch.onAborted (node:internal/deps/undici/undici:11132:53)
	at Fetch.emit (node:events:518:28)
	at Fetch.terminate (node:internal/deps/undici/undici:10290:14)
	at Object.onError (node:internal/deps/undici/undici:11253:38)
	at Request.onError (/opt/visual-studio-code/resources/app/node_modules/undici/lib/core/request.js:301:27)
	at Object.errorRequest (/opt/visual-studio-code/resources/app/node_modules/undici/lib/core/util.js:836:13)
	at Socket.onHttpSocketClose (/opt/visual-studio-code/resources/app/node_modules/undici/lib/dispatcher/client-h1.js:939:10)
	at Socket.emit (node:events:530:35)
	at TCP.<anonymous> (node:net:346:12)
2025-09-30 05:09:14.161 [error] TypeError: terminated
	at Fetch.onAborted (node:internal/deps/undici/undici:11132:53)
	at Fetch.emit (node:events:518:28)
	at Fetch.terminate (node:internal/deps/undici/undici:10290:14)
	at Object.onError (node:internal/deps/undici/undici:11253:38)
	at Request.onError (/opt/visual-studio-code/resources/app/node_modules/undici/lib/core/request.js:301:27)
	at Object.errorRequest (/opt/visual-studio-code/resources/app/node_modules/undici/lib/core/util.js:836:13)
	at Socket.onHttpSocketClose (/opt/visual-studio-code/resources/app/node_modules/undici/lib/dispatcher/client-h1.js:939:10)
	at Socket.emit (node:events:530:35)
	at TCP.<anonymous> (node:net:346:12)
2025-09-30 05:12:34.470 [info] ExtensionService#_doActivateExtension vscode.npm, startup: false, activationEvent: 'onTerminalQuickFixRequest:ms-vscode.npm-command'
2025-09-30 05:14:15.978 [error] TypeError: terminated
	at Fetch.onAborted (node:internal/deps/undici/undici:11132:53)
	at Fetch.emit (node:events:518:28)
	at Fetch.terminate (node:internal/deps/undici/undici:10290:14)
	at Object.onError (node:internal/deps/undici/undici:11253:38)
	at Request.onError (/opt/visual-studio-code/resources/app/node_modules/undici/lib/core/request.js:301:27)
	at Object.errorRequest (/opt/visual-studio-code/resources/app/node_modules/undici/lib/core/util.js:836:13)
	at Socket.onHttpSocketClose (/opt/visual-studio-code/resources/app/node_modules/undici/lib/dispatcher/client-h1.js:939:10)
	at Socket.emit (node:events:530:35)
	at TCP.<anonymous> (node:net:346:12)
2025-09-30 05:19:17.780 [error] TypeError: terminated
	at Fetch.onAborted (node:internal/deps/undici/undici:11132:53)
	at Fetch.emit (node:events:518:28)
	at Fetch.terminate (node:internal/deps/undici/undici:10290:14)
	at Object.onError (node:internal/deps/undici/undici:11253:38)
	at Request.onError (/opt/visual-studio-code/resources/app/node_modules/undici/lib/core/request.js:301:27)
	at Object.errorRequest (/opt/visual-studio-code/resources/app/node_modules/undici/lib/core/util.js:836:13)
	at Socket.onHttpSocketClose (/opt/visual-studio-code/resources/app/node_modules/undici/lib/dispatcher/client-h1.js:939:10)
	at Socket.emit (node:events:530:35)
	at TCP.<anonymous> (node:net:346:12)
2025-09-30 05:24:19.593 [error] TypeError: terminated
	at Fetch.onAborted (node:internal/deps/undici/undici:11132:53)
	at Fetch.emit (node:events:518:28)
	at Fetch.terminate (node:internal/deps/undici/undici:10290:14)
	at Object.onError (node:internal/deps/undici/undici:11253:38)
	at Request.onError (/opt/visual-studio-code/resources/app/node_modules/undici/lib/core/request.js:301:27)
	at Object.errorRequest (/opt/visual-studio-code/resources/app/node_modules/undici/lib/core/util.js:836:13)
	at Socket.onHttpSocketClose (/opt/visual-studio-code/resources/app/node_modules/undici/lib/dispatcher/client-h1.js:939:10)
	at Socket.emit (node:events:530:35)
	at TCP.<anonymous> (node:net:346:12)
2025-09-30 05:29:21.410 [error] TypeError: terminated
	at Fetch.onAborted (node:internal/deps/undici/undici:11132:53)
	at Fetch.emit (node:events:518:28)
	at Fetch.terminate (node:internal/deps/undici/undici:10290:14)
	at Object.onError (node:internal/deps/undici/undici:11253:38)
	at Request.onError (/opt/visual-studio-code/resources/app/node_modules/undici/lib/core/request.js:301:27)
	at Object.errorRequest (/opt/visual-studio-code/resources/app/node_modules/undici/lib/core/util.js:836:13)
	at Socket.onHttpSocketClose (/opt/visual-studio-code/resources/app/node_modules/undici/lib/dispatcher/client-h1.js:939:10)
	at Socket.emit (node:events:530:35)
	at TCP.<anonymous> (node:net:346:12)
2025-09-30 05:34:23.256 [error] TypeError: terminated
	at Fetch.onAborted (node:internal/deps/undici/undici:11132:53)
	at Fetch.emit (node:events:518:28)
	at Fetch.terminate (node:internal/deps/undici/undici:10290:14)
	at Object.onError (node:internal/deps/undici/undici:11253:38)
	at Request.onError (/opt/visual-studio-code/resources/app/node_modules/undici/lib/core/request.js:301:27)
	at Object.errorRequest (/opt/visual-studio-code/resources/app/node_modules/undici/lib/core/util.js:836:13)
	at Socket.onHttpSocketClose (/opt/visual-studio-code/resources/app/node_modules/undici/lib/dispatcher/client-h1.js:939:10)
	at Socket.emit (node:events:530:35)
	at TCP.<anonymous> (node:net:346:12)
2025-09-30 05:36:36.264 [info] Extension host terminating: renderer closed the MessagePort
2025-09-30 05:36:36.276 [error] TypeError: Cannot read properties of undefined (reading 'subscriptions')
	at Object.X [as deactivate] (/home/axel/.vscode/extensions/ms-python.vscode-python-envs-1.8.0-linux-x64/dist/extension.js:2:662977)
	at aJ.eb (file:///opt/visual-studio-code/resources/app/out/vs/workbench/api/node/extensionHostProcess.js:116:11836)
	at file:///opt/visual-studio-code/resources/app/out/vs/workbench/api/node/extensionHostProcess.js:116:9986
	at Array.map (<anonymous>)
	at aJ.$ (file:///opt/visual-studio-code/resources/app/out/vs/workbench/api/node/extensionHostProcess.js:116:9974)
	at aJ.terminate (file:///opt/visual-studio-code/resources/app/out/vs/workbench/api/node/extensionHostProcess.js:116:10217)
	at RP.terminate (file:///opt/visual-studio-code/resources/app/out/vs/workbench/api/node/extensionHostProcess.js:118:914)
	at bs (file:///opt/visual-studio-code/resources/app/out/vs/workbench/api/node/extensionHostProcess.js:391:10410)
	at MessagePortMain.<anonymous> (file:///opt/visual-studio-code/resources/app/out/vs/workbench/api/node/extensionHostProcess.js:391:6949)
	at MessagePortMain.emit (node:events:518:28)
	at MessagePortMain._internalPort.emit (node:electron/js2c/utility_init:2:2949)
2025-09-30 05:36:36.277 [info] Extension host with pid 45579 exiting with code 0
